do run
loading script "felix_analysis400_120.py"
loading script "felix_pump_ms.py"
loading script "felix_cocktail_x3.py"
loading script "felix_pump_extraction_line.py"
testing...
no interpolation path defined
executed snippet estimated_duration=624.242112, duration=0.000401020050049
script duration name:analysis400_120 seconds:624.0
loading script "felix_analysis400_120.py"
loading script "felix_pump_ms.py"
loading script "felix_cocktail_x3.py"
loading script "felix_pump_extraction_line.py"
testing...
no interpolation path defined
executed snippet estimated_duration=0, duration=3.79085540771e-05
loading script "felix_analysis400_120.py"
loading script "felix_pump_ms.py"
loading script "felix_cocktail_x3.py"
loading script "felix_pump_extraction_line.py"
testing...
no interpolation path defined
calculate duration
testing...
no interpolation path defined
executed snippet estimated_duration=0, duration=8.48770141602e-05
calculate duration
testing...
no interpolation path defined
executed snippet estimated_duration=0, duration=0.000166893005371
calculate duration
testing...
no interpolation path defined
executed snippet estimated_duration=32.0, duration=0.000178098678589
calculate duration
testing...
no interpolation path defined
executed snippet estimated_duration=34.0, duration=0.000280857086182
calculate duration
testing...
no interpolation path defined
executed snippet estimated_duration=2.0, duration=0.00020694732666
calculate duration
testing...
no interpolation path defined
executed snippet estimated_duration=34.0, duration=0.000135183334351
calculate duration
testing...
no interpolation path defined
executed snippet estimated_duration=34.0, duration=0.000153064727783
calculate duration
testing...
no interpolation path defined
executed snippet estimated_duration=34.0, duration=0.0001060962677
calculate duration
testing...
no interpolation path defined
executed snippet estimated_duration=34.0, duration=0.00015115737915
calculate duration
testing...
no interpolation path defined
executed snippet estimated_duration=34.0, duration=0.000133991241455
executed snippet estimated_duration=244.0, duration=0.0182220935822
script duration name:cocktail_x3 seconds:244.0
loading script "felix_analysis400_120.py"
loading script "felix_pump_ms.py"
loading script "felix_cocktail_x3.py"
loading script "felix_pump_extraction_line.py"
testing...
no interpolation path defined
calculate duration
testing...
no interpolation path defined
executed snippet estimated_duration=4.0, duration=0.000255823135376
executed snippet estimated_duration=4.0, duration=0.00189995765686
Script duration 868.0
Run total estimated duration= 869.000
run duration: 0:14:29
doing event level: 2
00:57:42 -- Setting default integration. t=1.048576
setting integration time = 1.048576
SetIntegrationTime 1.048576 ===>> OK
----------------- start -----------------
**************** Experiment Type: Ar/Ar, Ar/Ar
create new session 4746729040
close session 4746729040
$$$$$ Clearing conditionals
adding conditionals 
Add queue conditionals
add default conditionals
adding default conditionals from /Users/obama/PychronDev/setupfiles/spectrometer/default_conditionals.yaml
Start automated run bc-02-F-493
loading script "felix_analysis400_120.py"
loading script "felix_pump_ms.py"
loading script "felix_cocktail_x3.py"
loading script "felix_pump_extraction_line.py"
%%%%%%%%%%%%%%%%%% setting automated run bc-02-F-493
No value "sensitivity_multiplier" in metadata
$$$$$$$$$$$$$$$ auto_save_detector_ic=False
============================= Pre Extraction Check =============================
loading queue conditionals pre_run_terminations
loading system conditionals pre_run_terminations
loading conditionals from /Users/obama/PychronDev/setupfiles/spectrometer/default_conditionals.yaml
00:57:42 -- ******* Pre Extraction Check *******
Get a measurement from the spectrometer
Pre Extraction Termination data. keys=L2(CDD),H2,H1,AX,L1,L2, signals=0.00563,-0.34583,0.31299,-0.17686,-0.13470,-0.23767
00:57:42 -- testing system defined conditionals
Checking default pre extraction terminations n=2
testing L2_CDD_
evaluate ot="L2(CDD).inactive" t="L2_CDD_", ctx="{'L2_CDD_': False}"
GetDeflection L2 (CDD) ===>> 0
testing L2_CDD_==3250
evaluate ot="L2(CDD).deflection==3250" t="L2_CDD_==3250", ctx="{'L2_CDD_': 0.0}"
00:57:42 -- ******* Pre Extraction Check Passed *******
=================================================================================
00:57:42 -- stopping status monitor
stop 4719993968
Status monitor stopped
Status monitor finished
00:57:47 -- starting status monitor
start 4719993968
StatusMonitor period=3. Frequencies(state=1, checksum=3, lock=5, owner=5)
start extraction
do extraction
Analysis started at 00:57:51.922208
Extraction Started felix_cocktail_x3.py
00:57:51 -- ******* Extraction Started felix_cocktail_x3.py *******
state changed from not run to extraction
DO EXTRACTION <pychron.extraction_line.pyscript_runner.RemotePyScriptRunner object at 0x11c1405f0>
testing...
no interpolation path defined
calculate duration
testing...
no interpolation path defined
executed snippet estimated_duration=0, duration=8.39233398438e-05
calculate duration
testing...
no interpolation path defined
executed snippet estimated_duration=0, duration=0.000200986862183
calculate duration
testing...
no interpolation path defined
executed snippet estimated_duration=32.0, duration=0.000134944915771
calculate duration
testing...
no interpolation path defined
executed snippet estimated_duration=34.0, duration=0.000125169754028
calculate duration
testing...
no interpolation path defined
executed snippet estimated_duration=2.0, duration=9.79900360107e-05
calculate duration
testing...
no interpolation path defined
executed snippet estimated_duration=34.0, duration=0.000110864639282
calculate duration
testing...
no interpolation path defined
executed snippet estimated_duration=34.0, duration=0.000137090682983
calculate duration
testing...
no interpolation path defined
executed snippet estimated_duration=34.0, duration=0.000118017196655
calculate duration
testing...
no interpolation path defined
executed snippet estimated_duration=34.0, duration=0.000143051147461
calculate duration
testing...
no interpolation path defined
executed snippet estimated_duration=34.0, duration=0.000123977661133
executed snippet estimated_duration=244.0, duration=0.0167009830475
Cocktail Pipette x1
doing GOSUB
testing...
no interpolation path defined
executed snippet estimated_duration=0, duration=9.60826873779e-05
Waiting for minibone access
wait ('JanMiniboneFlag', 0) {}
waiting for JanMiniboneFlag = 0
Read JanMiniboneFlag ===>> 0
finished waiting
Minibone released
wait ('MinibonePumpTimeFlag', 0) {}
waiting for MinibonePumpTimeFlag = 0
Read MinibonePumpTimeFlag ===>> 0
finished waiting
acquire ('FelixMiniboneFlag',) {'clear': True}
acquire FelixMiniboneFlag
Set FelixMiniboneFlag 1 ===>> OK
FelixMiniboneFlag acquired
set extraction state False (0.75, 'red', 1.5)
minibone acquired
executed snippet estimated_duration=0, duration=0.0225338935852
WaitForMiniboneAccess.py completed successfully
gosub finished
doing GOSUB
testing...
no interpolation path defined
executed snippet estimated_duration=0, duration=0.000207185745239
Prepare for Air Shot
close () {'description': 'Felix Inlet'}
close name=--- desc=Felix Inlet
checking ownership. requestor=129.138.12.137
check software interlocks H
interlocks []
actuate state mode=None-script, software_lock=False
doing actuation None-script close_channel False
Close H ===>> OK
GetIndicatorState H ===>> False
change switch state (True, True)
update switch state H False args=() kw={} ncanvase=4
00:57:52 -- CLOSE  VALVE-H (Felix Inlet)
-------------------------- close None (Felix Inlet) result=[(True, True)]
action=close, ok=True, locked=[False]
open () {'description': 'Felix Ion Pump'}
open name=--- desc=Felix Ion Pump
checking ownership. requestor=129.138.12.137
check software interlocks V
interlocks []
actuate state mode=None-script, software_lock=False
doing actuation None-script open_channel False
Open V ===>> OK
GetIndicatorState V ===>> OK
change switch state (True, True)
update switch state V True args=() kw={} ncanvase=4
00:57:52 -- OPEN   VALVE-V (Felix Ion Pump)
-------------------------- open None (Felix Ion Pump) result=[(True, True)]
action=open, ok=True, locked=[False]
close () {'description': 'Microbone to Minibone'}
close name=--- desc=Microbone to Minibone
checking ownership. requestor=129.138.12.137
check software interlocks L
interlocks []
actuate state mode=None-script, software_lock=False
doing actuation None-script close_channel False
Close L ===>> OK
GetIndicatorState L ===>> False
change switch state (True, True)
update switch state L False args=() kw={} ncanvase=4
00:57:53 -- CLOSE  VALVE-L (Microbone to Minibone)
-------------------------- close None (Microbone to Minibone) result=[(True, True)]
action=close, ok=True, locked=[False]
close () {'description': 'Quad Inlet'}
close name=--- desc=Quad Inlet
checking ownership. requestor=129.138.12.137
check software interlocks Q
interlocks []
actuate state mode=None-script, software_lock=False
doing actuation None-script close_channel True
Close Q ===>> OK
GetIndicatorState Q ===>> False
change switch state (True, True)
update switch state Q False args=() kw={} ncanvase=4
00:57:53 -- CLOSE  VALVE-Q (Quad Inlet)
-------------------------- close None (Quad Inlet) result=[(True, True)]
action=close, ok=True, locked=[False]
open () {'description': 'Bone to Turbo'}
open name=--- desc=Bone to Turbo
checking ownership. requestor=129.138.12.137
check software interlocks C
interlocks []
actuate state mode=None-script, software_lock=False
doing actuation None-script open_channel False
Open C ===>> OK
GetIndicatorState C ===>> OK
change switch state (True, True)
update switch state C True args=() kw={} ncanvase=4
00:57:54 -- OPEN   VALVE-C (Bone to Turbo)
-------------------------- open None (Bone to Turbo) result=[(True, True)]
action=open, ok=True, locked=[False]
open () {'description': 'Bone to Minibone'}
open name=--- desc=Bone to Minibone
checking ownership. requestor=129.138.12.137
check software interlocks E
interlocks []
actuate state mode=None-script, software_lock=False
doing actuation None-script open_channel False
Open E ===>> OK
GetIndicatorState E ===>> OK
change switch state (True, True)
update switch state E True args=() kw={} ncanvase=4
00:57:54 -- OPEN   VALVE-E (Bone to Minibone)
-------------------------- open None (Bone to Minibone) result=[(True, True)]
action=open, ok=True, locked=[False]
open () {'description': 'Minibone to Bone'}
open name=--- desc=Minibone to Bone
checking ownership. requestor=129.138.12.137
check software interlocks I
interlocks []
actuate state mode=None-script, software_lock=False
doing actuation None-script open_channel True
Open I ===>> OK
State checksums do not match. Local:-1399152749 Remote:-514175372
State checksum failed
GetIndicatorState I ===>> OK
change switch state (True, True)
update switch state I True args=() kw={} ncanvase=4
00:57:55 -- OPEN   VALVE-I (Minibone to Bone)
-------------------------- open None (Minibone to Bone) result=[(True, True)]
action=open, ok=True, locked=[False]
open () {'description': 'Bone to Getter GP-50'}
open name=--- desc=Bone to Getter GP-50
checking ownership. requestor=129.138.12.137
check software interlocks N
interlocks []
actuate state mode=None-script, software_lock=False
doing actuation None-script open_channel False
Open N ===>> OK
GetIndicatorState N ===>> OK
change switch state (True, True)
update switch state N True args=() kw={} ncanvase=4
00:57:55 -- OPEN   VALVE-N (Bone to Getter GP-50)
-------------------------- open None (Bone to Getter GP-50) result=[(True, True)]
action=open, ok=True, locked=[False]
close () {'description': 'Bone to CO2 Laser'}
close name=--- desc=Bone to CO2 Laser
checking ownership. requestor=129.138.12.137
check software interlocks D
interlocks []
actuate state mode=None-script, software_lock=False
doing actuation None-script close_channel True
Close D ===>> OK
GetIndicatorState D ===>> False
change switch state (True, True)
update switch state D False args=() kw={} ncanvase=4
00:57:56 -- CLOSE  VALVE-D (Bone to CO2 Laser)
-------------------------- close None (Bone to CO2 Laser) result=[(True, True)]
action=close, ok=True, locked=[False]
close () {'description': 'Bone to Diode Laser'}
close name=--- desc=Bone to Diode Laser
checking ownership. requestor=129.138.12.137
check software interlocks B
interlocks []
actuate state mode=None-script, software_lock=False
doing actuation None-script close_channel True
Close B ===>> OK
GetIndicatorState B ===>> False
change switch state (True, True)
update switch state B False args=() kw={} ncanvase=4
00:57:56 -- CLOSE  VALVE-B (Bone to Diode Laser)
-------------------------- close None (Bone to Diode Laser) result=[(True, True)]
action=close, ok=True, locked=[False]
executed snippet estimated_duration=0, duration=5.12635803223
PrepareForAirShot.py completed successfully
gosub finished
doing GOSUB
testing...
no interpolation path defined
executed snippet estimated_duration=32.0, duration=0.000174999237061
Evacuate Pipette 1
open () {'description': 'Minibone to Turbo'}
open name=--- desc=Minibone to Turbo
checking ownership. requestor=129.138.12.137
check software interlocks P
interlocks []
actuate state mode=None-script, software_lock=False
doing actuation None-script open_channel False
Open P ===>> OK
GetIndicatorState P ===>> OK
change switch state (True, True)
update switch state P True args=() kw={} ncanvase=4
00:57:57 -- OPEN   VALVE-P (Minibone to Turbo)
-------------------------- open None (Minibone to Turbo) result=[(True, True)]
action=open, ok=True, locked=[False]
close () {'description': 'Inner Pipette 1'}
close name=--- desc=Inner Pipette 1
checking ownership. requestor=129.138.12.137
check software interlocks X
interlocks ['W']
actuate state mode=None-script, software_lock=False
doing actuation None-script close_channel False
Close X ===>> OK
GetIndicatorState X ===>> False
change switch state (True, True)
update switch state X False args=() kw={} ncanvase=4
00:57:57 -- CLOSE  VALVE-X (Inner Pipette 1)
-------------------------- close None (Inner Pipette 1) result=[(True, True)]
action=close, ok=True, locked=[False]
sleep (1,) {}
SLEEP 1.0
open () {'description': 'Outer Pipette 1'}
open name=--- desc=Outer Pipette 1
checking ownership. requestor=129.138.12.137
check software interlocks W
interlocks ['X']
actuate state mode=None-script, software_lock=False
doing actuation None-script open_channel True
Open W ===>> OK
GetIndicatorState W ===>> OK
change switch state (True, True)
update switch state W True args=() kw={} ncanvase=4
00:57:59 -- OPEN   VALVE-W (Outer Pipette 1)
-------------------------- open None (Outer Pipette 1) result=[(True, True)]
action=open, ok=True, locked=[False]
sleep (15,) {}
SLEEP 15.0
block started
WaitControl setup for 15.0  
Join finished
block finished. duration 15.0639429092
executed snippet estimated_duration=48.0, duration=17.3469059467
EvacPipette1.py completed successfully
gosub finished
doing GOSUB
testing...
no interpolation path defined
executed snippet estimated_duration=34.0, duration=0.000256061553955
Fill Pipette 1
close () {'description': 'Outer Pipette 1'}
close name=--- desc=Outer Pipette 1
checking ownership. requestor=129.138.12.137
check software interlocks W
interlocks ['X']
actuate state mode=None-script, software_lock=False
doing actuation None-script close_channel True
Close W ===>> OK
GetIndicatorState W ===>> False
change switch state (True, True)
update switch state W False args=() kw={} ncanvase=4
00:58:14 -- CLOSE  VALVE-W (Outer Pipette 1)
-------------------------- close None (Outer Pipette 1) result=[(True, True)]
action=close, ok=True, locked=[False]
sleep (1,) {}
SLEEP 1.0
not filling cocktail pipette
sleep (15,) {}
SLEEP 15.0
block started
WaitControl setup for 15.0  
Join finished
block finished. duration 15.0518929958
close () {'description': 'Inner Pipette 1'}
close name=--- desc=Inner Pipette 1
checking ownership. requestor=129.138.12.137
check software interlocks X
interlocks ['W']
actuate state mode=None-script, software_lock=False
doing actuation None-script close_channel False
Close X ===>> OK
GetIndicatorState X ===>> False
change switch state (True, True)
update switch state X False args=() kw={} ncanvase=4
00:58:31 -- CLOSE  VALVE-X (Inner Pipette 1)
-------------------------- close None (Inner Pipette 1) result=[(True, True)]
action=close, ok=True, locked=[False]
sleep (1,) {}
SLEEP 1.0
executed snippet estimated_duration=51.0, duration=17.9170310497
FillPipette1.py completed successfully
gosub finished
doing GOSUB
testing...
no interpolation path defined
executed snippet estimated_duration=2.0, duration=0.000128984451294
Prepare for air expansion
close () {'description': 'Bone to Turbo'}
close name=--- desc=Bone to Turbo
checking ownership. requestor=129.138.12.137
check software interlocks C
interlocks []
actuate state mode=None-script, software_lock=False
doing actuation None-script close_channel True
Close C ===>> OK
GetIndicatorState C ===>> False
change switch state (True, True)
update switch state C False args=() kw={} ncanvase=4
00:58:32 -- CLOSE  VALVE-C (Bone to Turbo)
-------------------------- close None (Bone to Turbo) result=[(True, True)]
action=close, ok=True, locked=[False]
sleep (1,) {}
SLEEP 1.0
open () {'description': 'Bone to Minibone'}
open name=--- desc=Bone to Minibone
checking ownership. requestor=129.138.12.137
check software interlocks E
interlocks []
actuate state mode=None-script, software_lock=False
doing actuation None-script open_channel False
Open E ===>> OK
GetIndicatorState E ===>> OK
change switch state (True, True)
update switch state E True args=() kw={} ncanvase=4
00:58:34 -- OPEN   VALVE-E (Bone to Minibone)
-------------------------- open None (Bone to Minibone) result=[(True, True)]
action=open, ok=True, locked=[False]
open () {'description': 'Minibone to Bone'}
open name=--- desc=Minibone to Bone
checking ownership. requestor=129.138.12.137
check software interlocks I
interlocks []
actuate state mode=None-script, software_lock=False
doing actuation None-script open_channel False
Open I ===>> OK
GetIndicatorState I ===>> OK
change switch state (True, True)
update switch state I True args=() kw={} ncanvase=4
00:58:34 -- OPEN   VALVE-I (Minibone to Bone)
-------------------------- open None (Minibone to Bone) result=[(True, True)]
action=open, ok=True, locked=[False]
executed snippet estimated_duration=3.0, duration=2.6556520462
PrepareForAirShotExpansion.py completed successfully
gosub finished
doing GOSUB
testing...
no interpolation path defined
executed snippet estimated_duration=34.0, duration=0.000149965286255
Expand Pipette 1
close () {'description': 'Minibone to Turbo'}
close name=--- desc=Minibone to Turbo
checking ownership. requestor=129.138.12.137
check software interlocks P
interlocks []
actuate state mode=None-script, software_lock=False
doing actuation None-script close_channel True
Close P ===>> OK
GetIndicatorState P ===>> False
change switch state (True, True)
update switch state P False args=() kw={} ncanvase=4
00:58:35 -- CLOSE  VALVE-P (Minibone to Turbo)
-------------------------- close None (Minibone to Turbo) result=[(True, True)]
action=close, ok=True, locked=[False]
sleep (2,) {}
SLEEP 2.0
block started
WaitControl setup for 2.0  
Join finished
block finished. duration 2.02929615974
open () {'description': 'Outer Pipette 1'}
open name=--- desc=Outer Pipette 1
checking ownership. requestor=129.138.12.137
check software interlocks W
interlocks ['X']
actuate state mode=None-script, software_lock=False
doing actuation None-script open_channel True
Open W ===>> OK
GetIndicatorState W ===>> OK
change switch state (True, True)
update switch state W True args=() kw={} ncanvase=4
00:58:37 -- OPEN   VALVE-W (Outer Pipette 1)
-------------------------- open None (Outer Pipette 1) result=[(True, True)]
action=open, ok=True, locked=[False]
sleep (15,) {}
SLEEP 15.0
block started
WaitControl setup for 15.0  
Join finished
block finished. duration 15.0424489975
executed snippet estimated_duration=51.0, duration=17.9700410366
ExpandPipette1.py completed successfully
gosub finished
close () {'description': 'Outer Pipette 1'}
close name=--- desc=Outer Pipette 1
checking ownership. requestor=129.138.12.137
check software interlocks W
interlocks ['X']
actuate state mode=None-script, software_lock=False
doing actuation None-script close_channel True
Close W ===>> OK
GetIndicatorState W ===>> False
change switch state (True, True)
update switch state W False args=() kw={} ncanvase=4
00:58:53 -- CLOSE  VALVE-W (Outer Pipette 1)
-------------------------- close None (Outer Pipette 1) result=[(True, True)]
action=close, ok=True, locked=[False]
sleep (1,) {}
SLEEP 1.0
Shot 2
doing GOSUB
testing...
no interpolation path defined
executed snippet estimated_duration=34.0, duration=0.000185966491699
Fill Pipette 1
close () {'description': 'Outer Pipette 1'}
close name=--- desc=Outer Pipette 1
checking ownership. requestor=129.138.12.137
check software interlocks W
interlocks ['X']
actuate state mode=None-script, software_lock=False
doing actuation None-script close_channel False
Close W ===>> OK
GetIndicatorState W ===>> False
change switch state (True, True)
update switch state W False args=() kw={} ncanvase=4
00:58:54 -- CLOSE  VALVE-W (Outer Pipette 1)
-------------------------- close None (Outer Pipette 1) result=[(True, True)]
action=close, ok=True, locked=[False]
sleep (1,) {}
SLEEP 1.0
not filling cocktail pipette
sleep (15,) {}
SLEEP 15.0
block started
WaitControl setup for 15.0  
Join finished
block finished. duration 15.0272519588
close () {'description': 'Inner Pipette 1'}
close name=--- desc=Inner Pipette 1
checking ownership. requestor=129.138.12.137
check software interlocks X
interlocks ['W']
actuate state mode=None-script, software_lock=False
doing actuation None-script close_channel False
Close X ===>> OK
GetIndicatorState X ===>> False
change switch state (True, True)
update switch state X False args=() kw={} ncanvase=4
00:59:11 -- CLOSE  VALVE-X (Inner Pipette 1)
-------------------------- close None (Inner Pipette 1) result=[(True, True)]
action=close, ok=True, locked=[False]
sleep (1,) {}
SLEEP 1.0
executed snippet estimated_duration=51.0, duration=17.8364269733
FillPipette1.py completed successfully
gosub finished
doing GOSUB
testing...
no interpolation path defined
executed snippet estimated_duration=34.0, duration=0.000160932540894
Expand Pipette 1
close () {'description': 'Minibone to Turbo'}
close name=--- desc=Minibone to Turbo
checking ownership. requestor=129.138.12.137
check software interlocks P
interlocks []
actuate state mode=None-script, software_lock=False
doing actuation None-script close_channel False
Close P ===>> OK
GetIndicatorState P ===>> False
change switch state (True, True)
update switch state P False args=() kw={} ncanvase=4
00:59:12 -- CLOSE  VALVE-P (Minibone to Turbo)
-------------------------- close None (Minibone to Turbo) result=[(True, True)]
action=close, ok=True, locked=[False]
sleep (2,) {}
SLEEP 2.0
block started
WaitControl setup for 2.0  
Join finished
block finished. duration 2.05259585381
open () {'description': 'Outer Pipette 1'}
open name=--- desc=Outer Pipette 1
checking ownership. requestor=129.138.12.137
check software interlocks W
interlocks ['X']
actuate state mode=None-script, software_lock=False
doing actuation None-script open_channel True
Open W ===>> OK
GetIndicatorState W ===>> OK
change switch state (True, True)
update switch state W True args=() kw={} ncanvase=4
00:59:15 -- OPEN   VALVE-W (Outer Pipette 1)
-------------------------- open None (Outer Pipette 1) result=[(True, True)]
action=open, ok=True, locked=[False]
sleep (15,) {}
SLEEP 15.0
block started
WaitControl setup for 15.0  
Join finished
block finished. duration 15.0446429253
executed snippet estimated_duration=51.0, duration=17.9958620071
ExpandPipette1.py completed successfully
gosub finished
close () {'description': 'Outer Pipette 1'}
close name=--- desc=Outer Pipette 1
checking ownership. requestor=129.138.12.137
check software interlocks W
interlocks ['X']
actuate state mode=None-script, software_lock=False
doing actuation None-script close_channel True
Close W ===>> OK
GetIndicatorState W ===>> False
change switch state (True, True)
update switch state W False args=() kw={} ncanvase=4
00:59:30 -- CLOSE  VALVE-W (Outer Pipette 1)
-------------------------- close None (Outer Pipette 1) result=[(True, True)]
action=close, ok=True, locked=[False]
sleep (1,) {}
SLEEP 1.0
Shot 3
doing GOSUB
testing...
no interpolation path defined
executed snippet estimated_duration=34.0, duration=0.000194072723389
Fill Pipette 1
close () {'description': 'Outer Pipette 1'}
close name=--- desc=Outer Pipette 1
checking ownership. requestor=129.138.12.137
check software interlocks W
interlocks ['X']
actuate state mode=None-script, software_lock=False
doing actuation None-script close_channel False
Close W ===>> OK
GetIndicatorState W ===>> False
change switch state (True, True)
update switch state W False args=() kw={} ncanvase=4
00:59:31 -- CLOSE  VALVE-W (Outer Pipette 1)
-------------------------- close None (Outer Pipette 1) result=[(True, True)]
action=close, ok=True, locked=[False]
sleep (1,) {}
SLEEP 1.0
not filling cocktail pipette
sleep (15,) {}
SLEEP 15.0
block started
WaitControl setup for 15.0  
Join finished
block finished. duration 15.0445961952
close () {'description': 'Inner Pipette 1'}
close name=--- desc=Inner Pipette 1
checking ownership. requestor=129.138.12.137
check software interlocks X
interlocks ['W']
actuate state mode=None-script, software_lock=False
doing actuation None-script close_channel False
Close X ===>> OK
GetIndicatorState X ===>> False
change switch state (True, True)
update switch state X False args=() kw={} ncanvase=4
00:59:48 -- CLOSE  VALVE-X (Inner Pipette 1)
-------------------------- close None (Inner Pipette 1) result=[(True, True)]
action=close, ok=True, locked=[False]
sleep (1,) {}
SLEEP 1.0
executed snippet estimated_duration=51.0, duration=17.8815000057
FillPipette1.py completed successfully
gosub finished
doing GOSUB
testing...
no interpolation path defined
executed snippet estimated_duration=34.0, duration=0.000144958496094
Expand Pipette 1
close () {'description': 'Minibone to Turbo'}
close name=--- desc=Minibone to Turbo
checking ownership. requestor=129.138.12.137
check software interlocks P
interlocks []
actuate state mode=None-script, software_lock=False
doing actuation None-script close_channel False
Close P ===>> OK
GetIndicatorState P ===>> False
change switch state (True, True)
update switch state P False args=() kw={} ncanvase=4
00:59:49 -- CLOSE  VALVE-P (Minibone to Turbo)
-------------------------- close None (Minibone to Turbo) result=[(True, True)]
action=close, ok=True, locked=[False]
sleep (2,) {}
SLEEP 2.0
block started
WaitControl setup for 2.0  
Join finished
block finished. duration 2.01003599167
open () {'description': 'Outer Pipette 1'}
open name=--- desc=Outer Pipette 1
checking ownership. requestor=129.138.12.137
check software interlocks W
interlocks ['X']
actuate state mode=None-script, software_lock=False
doing actuation None-script open_channel True
Open W ===>> OK
GetIndicatorState W ===>> OK
change switch state (True, True)
update switch state W True args=() kw={} ncanvase=4
00:59:52 -- OPEN   VALVE-W (Outer Pipette 1)
-------------------------- open None (Outer Pipette 1) result=[(True, True)]
action=open, ok=True, locked=[False]
sleep (15,) {}
SLEEP 15.0
block started
WaitControl setup for 15.0  
Join finished
block finished. duration 15.0560560226
executed snippet estimated_duration=51.0, duration=17.9433221817
ExpandPipette1.py completed successfully
gosub finished
close () {'description': 'Outer Pipette 1'}
close name=--- desc=Outer Pipette 1
checking ownership. requestor=129.138.12.137
check software interlocks W
interlocks ['X']
actuate state mode=None-script, software_lock=False
doing actuation None-script close_channel True
Close W ===>> OK
GetIndicatorState W ===>> False
change switch state (True, True)
update switch state W False args=() kw={} ncanvase=4
01:00:07 -- CLOSE  VALVE-W (Outer Pipette 1)
-------------------------- close None (Outer Pipette 1) result=[(True, True)]
action=close, ok=True, locked=[False]
sleep (1,) {}
SLEEP 1.0
executed snippet estimated_duration=247.0, duration=137.093792915
felix_cocktail_x3.py completed successfully
GetAchievedOutput ===>> No Response
Requested Output= 0.000
Achieved Output=  0.000
GetResponseBlob ===>> [153][149][178]N[00][00][00][00][224][17][160]=[00][00][250]D[170])[05]@[00][00][250]Di[141][130]...
GetOutputBlob ===>> [153][149][178]N[00][00][00][00][224][17][160]=[00][00][00][00][170])[05]@[00][00][00][00]i[141][...
persistence save...
persistence save - db
AutomatedRunPersister post_extraction_save deprecated
persistence save - dvc
no extraction position for 
Extraction Finished
01:00:09 -- ******* Extraction Finished *******
no overlap. not waiting for min ms pumptime
01:00:09 -- Sending spectrometer configuration
======== Sending configuration ========
SetZFocus 1.65 ===>> OK
SetHV 9900.0 ===>> OK
SetZSymmetry 3.35 ===>> OK
SetExtractionLens 63.57 ===>> OK
SetIonRepeller -5.15 ===>> OK
SetElectronEnergy 125.02 ===>> OK
SetYSymmetry 38.07 ===>> OK
send trap current 250.0
GetParameter Trap Current Readback ===>> 248.606848562534
SetParameter Trap Current Set,250.0 ===>> OK
updating mftable name argon
Using mftable located at /Users/obama/PychronDev/setupfiles/spectrometer/mftables/argon.csv
============ MFtable ===========
Isotope  H2     H1     AX     L1     L2     L2(CDD)
Ar40     3.7651 3.8403 3.9184 3.9998 4.1080 4.0935
Ar39     3.6907 3.7650 3.8415 3.9243 4.0273 4.0125
Ar36     3.4643 3.5342 3.6060 3.6817 3.7909 3.7665
================================
get initial guess parabolic
get initial guess parabolic
get initial guess parabolic
get initial guess parabolic
get initial guess parabolic
get initial guess parabolic
======== Configuration Finished ========
GetYSymmetry ===>> 38.07
GetZSymmetry ===>> 3.35
GetParameter Trap Current Readback ===>> 248.047427211133
GetHighVoltage ===>> 9900
start measurement
do measurement
L#=bc-02-F analysis type=blank_cocktail
Measurement Started felix_analysis400_120.py
01:00:09 -- ******* Measurement Started felix_analysis400_120.py *******
state changed from extraction to measurement
setting trap, emission, spec, defl, and gains
GetExtractionLens ===>> 63.57
GetYSymmetry ===>> 38.07
GetZSymmetry ===>> 3.35
GetZFocus ===>> 1.65
GetDeflection H2 (CDD) ===>> 3250
GetDeflection H1 (CDD) ===>> 3250
GetDeflection AX (CDD) ===>> 3250
GetDeflection L1 (CDD) ===>> 3250
GetDeflection L2 (CDD) ===>> 0
GetGain H2 ===>> 0.9809305
GetGain H1 ===>> 0.97203
GetGain AX ===>> 1.0143
GetGain L1 ===>> 0.970094835296087
GetGain L2 ===>> 0.967359864778375
GetGain H2(CDD) ===>> 0
GetGain H1(CDD) ===>> 0
GetGain AX(CDD) ===>> 0
GetGain L1(CDD) ===>> 0
GetGain L2(CDD) ===>> 0
GetParameter Trap Current Readback ===>> 247.823658670573
GetParameter Source Current Readback ===>> 886.467130562168
pre measurement save
New frame /Users/obama/PychronDev/data/isotopes/c2/9a5cd7-514e-4a2e-b4bf-bb91b0a1d06f.h5
flush and close file /Users/obama/PychronDev/data/isotopes/c2/9a5cd7-514e-4a2e-b4bf-bb91b0a1d06f.h5
testing...
no interpolation path defined
executed snippet estimated_duration=655.442112, duration=0.000279188156128
unknown measurement script
activate_detectors ('H2', 'H1', 'AX', 'L1', 'L2(CDD)') {}
activate detectors
*************** Set Analysis View Ar/Ar
create graphs
clearing graphs
clear isotope group
setting isotope det=H2, iso=Ar40
setting isotope det=H1, iso=Ar39
setting isotope det=AX, iso=Ar38
setting isotope det=L1, iso=Ar37
setting isotope det=L2(CDD), iso=Ar36
load analysis view
position_magnet ('Ar40',) {'detector': 'H2'}
detector Detector(H2)
POSITION Ar40 H2
setting detector H2 to Ar40 (39.9624)
setting detector H1 to Ar39 (38.8624)
setting detector AX to Ar38 (37.9624)
setting detector L1 to Ar37 (36.9624)
setting detector L2 to Ar36 (35.8624)
setting detector H2(CDD) to Ar40 (39.8624)
setting detector H1(CDD) to Ar39 (38.8624)
setting detector AX(CDD) to Ar38 (37.8624)
setting detector L1(CDD) to Ar37 (36.8624)
setting detector L2(CDD) to Ar36 (35.9624)
Mapping mass to dac mass func: "parabolic"
H2 map mass coeffs = [ -2.56720193e-04   9.47812314e-02   3.87394975e-01]
H2 map mass to dac 39.9624 >> 3.7651
GetHighVoltage ===>> 9900
positioning Ar40 (3.7651) on H2
setting magnet DAC
current  : 3.765096
requested: 3.765100
Delta Dac: 0.000004
Checking detector protection. dv=0.00000
SetMagnetDAC 3.7651 ===>> OK
Magnet settling time: 0.500 0.500
Magnet settling complete
set_dac. change=True
equilibrate () {'delay': 3, 'inlet': 'H', 'outlet': 'V', 'eqtime': 30.0}
Equilibration Started
01:00:10 -- ******* Equilibration Started *******
checking ownership. requestor=129.138.12.137
check software interlocks V
interlocks []
actuate state mode=None-script, software_lock=False
doing actuation None-script close_channel True
Close V ===>> OK
update labels <pychron.experiment.plot_panel.PlotPanel object at 0x1295f82f0>
update labels "<pychron.graph.stacked_regression_graph.StackedRegressionGraph object at 0x13bbd9710>"
setting label 0 H2 Ar40
setting label 1 H1 Ar39
setting label 2 AX Ar38
setting label 3 L1 Ar37
setting label 4 L2(CDD) Ar36
update labels "<pychron.graph.stacked_graph.StackedGraph object at 0x14032d2f0>"
setting label 0 H2 Ar40
setting label 1 H1 Ar39
setting label 2 AX Ar38
setting label 3 L1 Ar37
setting label 4 L2(CDD) Ar36
GetIndicatorState V ===>> False
change switch state (True, True)
update switch state V False args=() kw={} ncanvase=4
01:00:10 -- CLOSE  VALVE-V (Felix Ion Pump)
waiting 3s before opening inlet value ('H',)
checking ownership. requestor=129.138.12.137
check software interlocks H
interlocks []
actuate state mode=None-script, software_lock=False
doing actuation None-script open_channel True
Open H ===>> OK
GetIndicatorState H ===>> OK
change switch state (True, True)
update switch state H True args=() kw={} ncanvase=4
01:00:13 -- OPEN   VALVE-H (Felix Inlet)
set_time_zero () {}
equilibrating for 30.0sec
sniff (30.0,) {}
py_sniff
build tables- sniff [Detector(H2), Detector(H1), Detector(AX), Detector(L1), Detector(L2(CDD))]
add group /sniff/Ar40 (Group) u'' table H2
add group /sniff/Ar39 (Group) u'' table H1
add group /sniff/Ar38 (Group) u'' table AX
add group /sniff/Ar37 (Group) u'' table L1
add group /sniff/Ar36 (Group) u'' table L2(CDD)
flush and close file /Users/obama/PychronDev/data/isotopes/c2/9a5cd7-514e-4a2e-b4bf-bb91b0a1d06f.h5
measuring sniff. ncounts=30.0
"sniff" increment series count="1" fit count="0" regressing="False"
starting measurement
01:00:39 -- collecting point 25
Equilibration Finished
01:00:43 -- ******* Equilibration Finished *******
checking ownership. requestor=129.138.12.137
check software interlocks H
interlocks []
actuate state mode=None-script, software_lock=False
doing actuation None-script close_channel True
Close H ===>> OK
GetIndicatorState H ===>> False
change switch state (True, True)
update switch state H False args=() kw={} ncanvase=4
01:00:44 -- CLOSE  VALVE-H (Felix Inlet)
Post Equilibration Started felix_pump_extraction_line.py
01:00:44 -- ******* Post Equilibration Started felix_pump_extraction_line.py *******
testing...
no interpolation path defined
calculate duration
testing...
no interpolation path defined
executed snippet estimated_duration=4.0, duration=0.000336170196533
executed snippet estimated_duration=4.0, duration=0.0023889541626
Pump after analysis
doing GOSUB
testing...
no interpolation path defined
executed snippet estimated_duration=4.0, duration=0.00028395652771
Pump Bone
close () {'description': 'Felix Inlet'}
close name=--- desc=Felix Inlet
checking ownership. requestor=129.138.12.137
check software interlocks H
interlocks []
actuate state mode=None-script, software_lock=False
doing actuation None-script close_channel False
Close H ===>> OK
GetIndicatorState H ===>> False
change switch state (True, True)
update switch state H False args=() kw={} ncanvase=4
01:00:44 -- CLOSE  VALVE-H (Felix Inlet)
-------------------------- close None (Felix Inlet) result=[(True, True)]
action=close, ok=True, locked=[False]
is_closed ('A',) {}
is A () closed?
is closed False
close () {'description': 'CO2 Laser to Bone'}
close name=--- desc=CO2 Laser to Bone
checking ownership. requestor=129.138.12.137
check software interlocks F
interlocks []
actuate state mode=None-script, software_lock=True
VALVE-F(CO2 Laser to Bone) software locked
change switch state (True, False)
-------------------------- close None (CO2 Laser to Bone) result=[(True, False)]
action=close, ok=True, locked=[True]
sleep (1,) {}
SLEEP 1.0
close () {'description': 'CO2 Laser to Roughing'}
close name=--- desc=CO2 Laser to Roughing
checking ownership. requestor=129.138.12.137
check software interlocks G
interlocks []
actuate state mode=None-script, software_lock=True
VALVE-G(CO2 Laser to Roughing) software locked
change switch state (True, False)
-------------------------- close None (CO2 Laser to Roughing) result=[(True, False)]
action=close, ok=True, locked=[True]
open () {'description': 'Bone to Turbo'}
open name=--- desc=Bone to Turbo
checking ownership. requestor=129.138.12.137
check software interlocks C
interlocks []
actuate state mode=None-script, software_lock=False
doing actuation None-script open_channel True
Open C ===>> OK
GetIndicatorState C ===>> OK
change switch state (True, True)
update switch state C True args=() kw={} ncanvase=4
01:00:45 -- OPEN   VALVE-C (Bone to Turbo)
-------------------------- open None (Bone to Turbo) result=[(True, True)]
waiting for write to finish
measurement finished
estimated time: 31.457 actual time: :31.575
flush and close file /Users/obama/PychronDev/data/isotopes/c2/9a5cd7-514e-4a2e-b4bf-bb91b0a1d06f.h5
set_fits () {}
using default fits file=/Users/obama/PychronDev/scripts/measurement/fits/nominal.yaml
set "Ar40" to "('Parabolic', 'SEM')"
set "Ar36" to "('Parabolic', 'SEM')"
set "Ar37" to "('linear', 'SEM')"
set "Ar38" to "('linear', 'SEM')"
set "Ar39" to "('Parabolic', 'SEM')"
set_baseline_fits () {}
using default fits file=/Users/obama/PychronDev/scripts/measurement/fits/nominal.yaml
set "H2" to "('average', 'SEM')"
set "L2(CDD)" to "('average', 'SEM')"
set "L1" to "('average', 'SEM')"
set "AX" to "('average', 'SEM')"
set "H1" to "('average', 'SEM')"
multicollect () {'integration_time': 1.048576, 'ncounts': 400}
build tables- signal [Detector(H2), Detector(H1), Detector(AX), Detector(L1), Detector(L2(CDD))]
add group /signal/Ar40 (Group) u'' table H2
add group /signal/Ar39 (Group) u'' table H1
add group /signal/Ar38 (Group) u'' table AX
add group /signal/Ar37 (Group) u'' table L1
add group /signal/Ar36 (Group) u'' table L2(CDD)
flush and close file /Users/obama/PychronDev/data/isotopes/c2/9a5cd7-514e-4a2e-b4bf-bb91b0a1d06f.h5
measuring signal. ncounts=400
action=open, ok=True, locked=[False]
open () {'description': 'Bone to Getter GP-50'}
open name=--- desc=Bone to Getter GP-50
checking ownership. requestor=129.138.12.137
check software interlocks N
interlocks []
actuate state mode=None-script, software_lock=False
doing actuation None-script open_channel False
"signal" increment series count="2" fit count="1" regressing="True"
Open N ===>> OK
GetIndicatorState N ===>> OK
change switch state (True, True)
update switch state N True args=() kw={} ncanvase=4
01:00:46 -- OPEN   VALVE-N (Bone to Getter GP-50)
-------------------------- open None (Bone to Getter GP-50) result=[(True, True)]
action=open, ok=True, locked=[False]
open () {'description': 'Bone to Diode Laser'}
open name=--- desc=Bone to Diode Laser
checking ownership. requestor=129.138.12.137
check software interlocks B
interlocks []
actuate state mode=None-script, software_lock=False
doing actuation None-script open_channel True
starting measurement
Open B ===>> OK
GetIndicatorState B ===>> OK
change switch state (True, True)
update switch state B True args=() kw={} ncanvase=4
01:00:46 -- OPEN   VALVE-B (Bone to Diode Laser)
-------------------------- open None (Bone to Diode Laser) result=[(True, True)]
action=open, ok=True, locked=[False]
open () {'description': 'Bone to CO2 Laser'}
open name=--- desc=Bone to CO2 Laser
checking ownership. requestor=129.138.12.137
check software interlocks D
interlocks []
actuate state mode=None-script, software_lock=False
doing actuation None-script open_channel True
Open D ===>> OK
GetIndicatorState D ===>> OK
change switch state (True, True)
update switch state D True args=() kw={} ncanvase=4
01:00:47 -- OPEN   VALVE-D (Bone to CO2 Laser)
-------------------------- open None (Bone to CO2 Laser) result=[(True, True)]
action=open, ok=True, locked=[False]
sleep (1,) {}
SLEEP 1.0
set_resource () {'name': 'CO2PumpTimeFlag', 'value': 30}
Set CO2PumpTimeFlag 30 ===>> OK
release ('FelixCO2Flag',) {}
release FelixCO2Flag
Set FelixCO2Flag 0 ===>> OK
executed snippet estimated_duration=6.0, duration=4.29255604744
PumpBone.py completed successfully
gosub finished
get_resource_value () {'name': 'FelixMiniboneFlag'}
Read FelixMiniboneFlag ===>> 1
Get Resource Value FelixMiniboneFlag=1.0
doing GOSUB
testing...
no interpolation path defined
executed snippet estimated_duration=0, duration=4.31537628174e-05
get_resource_value () {'name': 'FelixMiniboneFlag'}
Read FelixMiniboneFlag ===>> 1
Get Resource Value FelixMiniboneFlag=1.0
Pump minibone
open () {'description': 'Bone to Minibone'}
open name=--- desc=Bone to Minibone
checking ownership. requestor=129.138.12.137
check software interlocks E
interlocks []
actuate state mode=None-script, software_lock=False
doing actuation None-script open_channel False
Open E ===>> OK
GetIndicatorState E ===>> OK
change switch state (True, True)
update switch state E True args=() kw={} ncanvase=4
01:00:48 -- OPEN   VALVE-E (Bone to Minibone)
-------------------------- open None (Bone to Minibone) result=[(True, True)]
action=open, ok=True, locked=[False]
open () {'description': 'Minibone to Turbo'}
open name=--- desc=Minibone to Turbo
checking ownership. requestor=129.138.12.137
check software interlocks P
interlocks []
actuate state mode=None-script, software_lock=False
doing actuation None-script open_channel True
Open P ===>> OK
GetIndicatorState P ===>> OK
change switch state (True, True)
update switch state P True args=() kw={} ncanvase=4
01:00:49 -- OPEN   VALVE-P (Minibone to Turbo)
-------------------------- open None (Minibone to Turbo) result=[(True, True)]
action=open, ok=True, locked=[False]
open () {'description': 'Quad Inlet'}
open name=--- desc=Quad Inlet
checking ownership. requestor=129.138.12.137
check software interlocks Q
interlocks []
actuate state mode=None-script, software_lock=False
doing actuation None-script open_channel True
Open Q ===>> OK
GetIndicatorState Q ===>> OK
change switch state (True, True)
update switch state Q True args=() kw={} ncanvase=4
01:00:49 -- OPEN   VALVE-Q (Quad Inlet)
-------------------------- open None (Quad Inlet) result=[(True, True)]
action=open, ok=True, locked=[False]
close () {'description': 'Minibone to Bone'}
close name=--- desc=Minibone to Bone
checking ownership. requestor=129.138.12.137
check software interlocks I
interlocks []
actuate state mode=None-script, software_lock=False
doing actuation None-script close_channel True
Close I ===>> OK
set states for children of I. state=False
handle state [('I', False)]
update switch state I False args=() kw={'refresh': False} ncanvase=4
GetIndicatorState I ===>> False
change switch state (True, True)
update switch state I False args=() kw={} ncanvase=4
01:00:50 -- CLOSE  VALVE-I (Minibone to Bone)
-------------------------- close None (Minibone to Bone) result=[(True, True)]
refresh_canvas_needed fired
action=close, ok=True, locked=[False]
set_resource () {'name': 'MinibonePumpTimeFlag', 'value': 30}
Set MinibonePumpTimeFlag 30 ===>> OK
release ('FelixMiniboneFlag',) {}
release FelixMiniboneFlag
Set FelixMiniboneFlag 0 ===>> OK
executed snippet estimated_duration=0, duration=2.2760579586
PumpMinibone.py completed successfully
gosub finished
executed snippet estimated_duration=4.0, duration=6.58185315132
felix_pump_extraction_line.py completed successfully
Post Equilibration Finished
01:00:50 -- ******* Post Equilibration Finished *******
GetDeflection L2 (CDD) ===>> 0
testing L2_CDD_==3250
evaluate ot="L2(CDD).deflection==3250" t="L2_CDD_==3250", ctx="{'L2_CDD_': 0.0}"
GetDeflection L2 (CDD) ===>> 0
testing L2_CDD_==3250
evaluate ot="L2(CDD).deflection==3250" t="L2_CDD_==3250", ctx="{'L2_CDD_': 0.0}"
01:01:11 -- collecting point 25
GetDeflection L2 (CDD) ===>> 0
testing L2_CDD_==3250
evaluate ot="L2(CDD).deflection==3250" t="L2_CDD_==3250", ctx="{'L2_CDD_': 0.0}"
GetDeflection L2 (CDD) ===>> 0
testing L2_CDD_==3250
evaluate ot="L2(CDD).deflection==3250" t="L2_CDD_==3250", ctx="{'L2_CDD_': 0.0}"
01:01:37 -- collecting point 50
GetDeflection L2 (CDD) ===>> 0
testing L2_CDD_==3250
evaluate ot="L2(CDD).deflection==3250" t="L2_CDD_==3250", ctx="{'L2_CDD_': 0.0}"
GetDeflection L2 (CDD) ===>> 0
testing L2_CDD_==3250
evaluate ot="L2(CDD).deflection==3250" t="L2_CDD_==3250", ctx="{'L2_CDD_': 0.0}"
GetDeflection L2 (CDD) ===>> 0
testing L2_CDD_==3250
evaluate ot="L2(CDD).deflection==3250" t="L2_CDD_==3250", ctx="{'L2_CDD_': 0.0}"
01:02:04 -- collecting point 75
GetDeflection L2 (CDD) ===>> 0
testing L2_CDD_==3250
evaluate ot="L2(CDD).deflection==3250" t="L2_CDD_==3250", ctx="{'L2_CDD_': 0.0}"
GetDeflection L2 (CDD) ===>> 0
testing L2_CDD_==3250
evaluate ot="L2(CDD).deflection==3250" t="L2_CDD_==3250", ctx="{'L2_CDD_': 0.0}"
01:02:30 -- collecting point 100
GetDeflection L2 (CDD) ===>> 0
testing L2_CDD_==3250
evaluate ot="L2(CDD).deflection==3250" t="L2_CDD_==3250", ctx="{'L2_CDD_': 0.0}"
GetDeflection L2 (CDD) ===>> 0
testing L2_CDD_==3250
evaluate ot="L2(CDD).deflection==3250" t="L2_CDD_==3250", ctx="{'L2_CDD_': 0.0}"
GetDeflection L2 (CDD) ===>> 0
testing L2_CDD_==3250
evaluate ot="L2(CDD).deflection==3250" t="L2_CDD_==3250", ctx="{'L2_CDD_': 0.0}"
01:02:56 -- collecting point 125
GetDeflection L2 (CDD) ===>> 0
testing L2_CDD_==3250
evaluate ot="L2(CDD).deflection==3250" t="L2_CDD_==3250", ctx="{'L2_CDD_': 0.0}"
GetDeflection L2 (CDD) ===>> 0
testing L2_CDD_==3250
evaluate ot="L2(CDD).deflection==3250" t="L2_CDD_==3250", ctx="{'L2_CDD_': 0.0}"
01:03:23 -- collecting point 150
GetDeflection L2 (CDD) ===>> 0
testing L2_CDD_==3250
evaluate ot="L2(CDD).deflection==3250" t="L2_CDD_==3250", ctx="{'L2_CDD_': 0.0}"
GetDeflection L2 (CDD) ===>> 0
testing L2_CDD_==3250
evaluate ot="L2(CDD).deflection==3250" t="L2_CDD_==3250", ctx="{'L2_CDD_': 0.0}"
GetDeflection L2 (CDD) ===>> 0
testing L2_CDD_==3250
evaluate ot="L2(CDD).deflection==3250" t="L2_CDD_==3250", ctx="{'L2_CDD_': 0.0}"
01:03:49 -- collecting point 175
GetDeflection L2 (CDD) ===>> 0
testing L2_CDD_==3250
evaluate ot="L2(CDD).deflection==3250" t="L2_CDD_==3250", ctx="{'L2_CDD_': 0.0}"
GetDeflection L2 (CDD) ===>> 0
testing L2_CDD_==3250
evaluate ot="L2(CDD).deflection==3250" t="L2_CDD_==3250", ctx="{'L2_CDD_': 0.0}"
01:04:15 -- collecting point 200
GetDeflection L2 (CDD) ===>> 0
testing L2_CDD_==3250
evaluate ot="L2(CDD).deflection==3250" t="L2_CDD_==3250", ctx="{'L2_CDD_': 0.0}"
GetDeflection L2 (CDD) ===>> 0
testing L2_CDD_==3250
evaluate ot="L2(CDD).deflection==3250" t="L2_CDD_==3250", ctx="{'L2_CDD_': 0.0}"
GetDeflection L2 (CDD) ===>> 0
testing L2_CDD_==3250
evaluate ot="L2(CDD).deflection==3250" t="L2_CDD_==3250", ctx="{'L2_CDD_': 0.0}"
01:04:42 -- collecting point 225
GetDeflection L2 (CDD) ===>> 0
testing L2_CDD_==3250
evaluate ot="L2(CDD).deflection==3250" t="L2_CDD_==3250", ctx="{'L2_CDD_': 0.0}"
GetDeflection L2 (CDD) ===>> 0
testing L2_CDD_==3250
evaluate ot="L2(CDD).deflection==3250" t="L2_CDD_==3250", ctx="{'L2_CDD_': 0.0}"
01:05:08 -- collecting point 250
GetDeflection L2 (CDD) ===>> 0
testing L2_CDD_==3250
evaluate ot="L2(CDD).deflection==3250" t="L2_CDD_==3250", ctx="{'L2_CDD_': 0.0}"
GetDeflection L2 (CDD) ===>> 0
testing L2_CDD_==3250
evaluate ot="L2(CDD).deflection==3250" t="L2_CDD_==3250", ctx="{'L2_CDD_': 0.0}"
GetDeflection L2 (CDD) ===>> 0
testing L2_CDD_==3250
evaluate ot="L2(CDD).deflection==3250" t="L2_CDD_==3250", ctx="{'L2_CDD_': 0.0}"
01:05:34 -- collecting point 275
GetDeflection L2 (CDD) ===>> 0
testing L2_CDD_==3250
evaluate ot="L2(CDD).deflection==3250" t="L2_CDD_==3250", ctx="{'L2_CDD_': 0.0}"
GetDeflection L2 (CDD) ===>> 0
testing L2_CDD_==3250
evaluate ot="L2(CDD).deflection==3250" t="L2_CDD_==3250", ctx="{'L2_CDD_': 0.0}"
01:06:01 -- collecting point 300
GetDeflection L2 (CDD) ===>> 0
testing L2_CDD_==3250
evaluate ot="L2(CDD).deflection==3250" t="L2_CDD_==3250", ctx="{'L2_CDD_': 0.0}"
GetDeflection L2 (CDD) ===>> 0
testing L2_CDD_==3250
evaluate ot="L2(CDD).deflection==3250" t="L2_CDD_==3250", ctx="{'L2_CDD_': 0.0}"
GetDeflection L2 (CDD) ===>> 0
testing L2_CDD_==3250
evaluate ot="L2(CDD).deflection==3250" t="L2_CDD_==3250", ctx="{'L2_CDD_': 0.0}"
01:06:27 -- collecting point 325
GetDeflection L2 (CDD) ===>> 0
testing L2_CDD_==3250
evaluate ot="L2(CDD).deflection==3250" t="L2_CDD_==3250", ctx="{'L2_CDD_': 0.0}"
GetDeflection L2 (CDD) ===>> 0
testing L2_CDD_==3250
evaluate ot="L2(CDD).deflection==3250" t="L2_CDD_==3250", ctx="{'L2_CDD_': 0.0}"
01:06:53 -- collecting point 350
GetDeflection L2 (CDD) ===>> 0
testing L2_CDD_==3250
evaluate ot="L2(CDD).deflection==3250" t="L2_CDD_==3250", ctx="{'L2_CDD_': 0.0}"
GetDeflection L2 (CDD) ===>> 0
testing L2_CDD_==3250
evaluate ot="L2(CDD).deflection==3250" t="L2_CDD_==3250", ctx="{'L2_CDD_': 0.0}"
GetDeflection L2 (CDD) ===>> 0
testing L2_CDD_==3250
evaluate ot="L2(CDD).deflection==3250" t="L2_CDD_==3250", ctx="{'L2_CDD_': 0.0}"
01:07:20 -- collecting point 375
GetDeflection L2 (CDD) ===>> 0
testing L2_CDD_==3250
evaluate ot="L2(CDD).deflection==3250" t="L2_CDD_==3250", ctx="{'L2_CDD_': 0.0}"
GetDeflection L2 (CDD) ===>> 0
testing L2_CDD_==3250
evaluate ot="L2(CDD).deflection==3250" t="L2_CDD_==3250", ctx="{'L2_CDD_': 0.0}"
01:07:46 -- collecting point 400
waiting for write to finish
measurement finished
estimated time: 419.430 actual time: :421.056
flush and close file /Users/obama/PychronDev/data/isotopes/c2/9a5cd7-514e-4a2e-b4bf-bb91b0a1d06f.h5
baselines () {'settling_time': 15.0, 'detector': 'H2', 'mass': 39.862, 'ncounts': 120}
%%%%%%%%%%%%%%%%%%%%%%%%%%%%%%%% Baseline
build tables- baseline [Detector(H2), Detector(H1), Detector(AX), Detector(L1), Detector(L2(CDD))]
add group baseline table H2
add group baseline table H1
add group baseline table AX
add group baseline table L1
add group baseline table L2(CDD)
flush and close file /Users/obama/PychronDev/data/isotopes/c2/9a5cd7-514e-4a2e-b4bf-bb91b0a1d06f.h5
detector Detector(H2)
POSITION 39.862 H2
Mapping mass to dac mass func: "parabolic"
H2 map mass coeffs = [ -2.56720193e-04   9.47812314e-02   3.87394975e-01]
H2 map mass to dac 39.862 >> 3.75764141492
GetHighVoltage ===>> 9900
positioning 39.862 (3.75764141492) on H2
setting magnet DAC
current  : 3.765100
requested: 3.757641
Delta Dac: 0.007459
Checking detector protection. dv=0.00746
SetMagnetDAC 3.75764141492 ===>> OK
Magnet settling time: 0.500 0.500
Magnet settling complete
set_dac. change=True
Delaying 15.0s for detectors to settle
Join finished
measuring baseline. ncounts=120
"baseline" increment series count="2" fit count="1" regressing="True"
starting measurement
GetDeflection L2 (CDD) ===>> 0
testing L2_CDD_==3250
evaluate ot="L2(CDD).deflection==3250" t="L2_CDD_==3250", ctx="{'L2_CDD_': 0.0}"
GetDeflection L2 (CDD) ===>> 0
testing L2_CDD_==3250
evaluate ot="L2(CDD).deflection==3250" t="L2_CDD_==3250", ctx="{'L2_CDD_': 0.0}"
01:08:28 -- collecting point 25
GetDeflection L2 (CDD) ===>> 0
testing L2_CDD_==3250
evaluate ot="L2(CDD).deflection==3250" t="L2_CDD_==3250", ctx="{'L2_CDD_': 0.0}"
GetDeflection L2 (CDD) ===>> 0
testing L2_CDD_==3250
evaluate ot="L2(CDD).deflection==3250" t="L2_CDD_==3250", ctx="{'L2_CDD_': 0.0}"
01:08:55 -- collecting point 50
GetDeflection L2 (CDD) ===>> 0
testing L2_CDD_==3250
evaluate ot="L2(CDD).deflection==3250" t="L2_CDD_==3250", ctx="{'L2_CDD_': 0.0}"
GetDeflection L2 (CDD) ===>> 0
testing L2_CDD_==3250
evaluate ot="L2(CDD).deflection==3250" t="L2_CDD_==3250", ctx="{'L2_CDD_': 0.0}"
GetDeflection L2 (CDD) ===>> 0
testing L2_CDD_==3250
evaluate ot="L2(CDD).deflection==3250" t="L2_CDD_==3250", ctx="{'L2_CDD_': 0.0}"
01:09:21 -- collecting point 75
GetDeflection L2 (CDD) ===>> 0
testing L2_CDD_==3250
evaluate ot="L2(CDD).deflection==3250" t="L2_CDD_==3250", ctx="{'L2_CDD_': 0.0}"
GetDeflection L2 (CDD) ===>> 0
testing L2_CDD_==3250
evaluate ot="L2(CDD).deflection==3250" t="L2_CDD_==3250", ctx="{'L2_CDD_': 0.0}"
01:09:47 -- collecting point 100
GetDeflection L2 (CDD) ===>> 0
testing L2_CDD_==3250
evaluate ot="L2(CDD).deflection==3250" t="L2_CDD_==3250", ctx="{'L2_CDD_': 0.0}"
GetDeflection L2 (CDD) ===>> 0
testing L2_CDD_==3250
evaluate ot="L2(CDD).deflection==3250" t="L2_CDD_==3250", ctx="{'L2_CDD_': 0.0}"
waiting for write to finish
measurement finished
estimated time: 125.829 actual time: :126.410
flush and close file /Users/obama/PychronDev/data/isotopes/c2/9a5cd7-514e-4a2e-b4bf-bb91b0a1d06f.h5
activate_detectors ('H1', 'L2(CDD)') {'peak_center': True}
peak_center () {'detector': 'H2', 'integration_time': 1.048576, 'isotope': 'Ar40'}
peak center: mean=6.03938289668 threshold=100.0
Skipping peak center. intensities to small. 6.03938289668<100.0
finished measure script
executed snippet estimated_duration=655.442112, duration=600.631624222
felix_analysis400_120.py completed successfully
Measurement Finished
01:10:10 -- ******* Measurement Finished *******
Post Measurement Started felix_pump_ms.py
01:10:10 -- ******* Post Measurement Started felix_pump_ms.py *******
testing...
no interpolation path defined
executed snippet estimated_duration=0, duration=3.81469726562e-05
Pumping spectrometer
open () {'name': 'V'}
open name=V desc=---
checking ownership. requestor=129.138.12.137
check software interlocks V
interlocks []
actuate state mode=None-script, software_lock=False
doing actuation None-script open_channel True
Open V ===>> OK
GetIndicatorState V ===>> OK
change switch state (True, True)
update switch state V True args=() kw={} ncanvase=4
01:10:10 -- OPEN   VALVE-V (Felix Ion Pump)
-------------------------- open V () result=[(True, True)]
action=open, ok=True, locked=[False]
executed snippet estimated_duration=0, duration=0.363541841507
felix_pump_ms.py completed successfully
setting _ms_pumptime
Post Measurement Finished
01:10:10 -- ******* Post Measurement Finished *******
$$$$$$$$$$$$$$$$$$$$ state at run end measurement
state changed from measurement to success
post measurement save measured=True aborted=False
Set filtering
setting fod for Ar40= {'filter_outliers': True, 'std_devs': 2, 'iterations': 2}
setting fod for H2= {'filter_outliers': True, 'std_devs': 2, 'iterations': 1}
setting fod for Ar36= {'filter_outliers': True, 'std_devs': 2, 'iterations': 2}
setting fod for L2(CDD)= {'filter_outliers': True, 'std_devs': 2, 'iterations': 1}
setting fod for Ar37= {'filter_outliers': True, 'std_devs': 2, 'iterations': 2}
setting fod for L1= {'filter_outliers': True, 'std_devs': 2, 'iterations': 1}
setting fod for Ar38= {'filter_outliers': True, 'std_devs': 2, 'iterations': 2}
setting fod for AX= {'filter_outliers': True, 'std_devs': 2, 'iterations': 1}
setting fod for Ar39= {'filter_outliers': True, 'std_devs': 2, 'iterations': 2}
setting fod for H1= {'filter_outliers': True, 'std_devs': 2, 'iterations': 1}
persistence save...
persistence save - db
post measurement save
5313118128 connecting to database sqlite:////Users/obama/PychronDev/.appdata/local_lab.db
connected to db sqlite:////Users/obama/PychronDev/.appdata/local_lab.db
create new session 5313118128
close session 5313118128
No database instance. Not saving post measurement to isotopedb database
$$$$$$$$$$$$$$$ auto_save_detector_ic=False
massspec enabled True
create new session 4791770384
MassSpec Database Version: 16.0
close session 4791770384
saving post measurement to secondary database
saving to massspec database 129.138.12.160/massspecdata
setting labnumber to bc-02-F
setting aliquot to 493
setting step to 
setting uuid to c29a5cd7-514e-4a2e-b4bf-bb91b0a1d06f
setting irradpos to bc-02-F
setting extract_device to Fusions Diode
setting tray to 
setting position to 
setting power_requested to 0.0
setting extract_value to 0.0
setting duration to 0.0
setting duration_at_request to 0.0
setting first_stage_delay to 0.0
setting cleanup to 0.0
setting comment to 
setting irradiation to NoIrradiation
setting level to A
setting irradiation_level to A
setting sample to blank_cocktail
setting material to Blank
setting project to REFERENCES
setting mass_spectrometer to Felix
no attribute chron_dosages
no attribute production_ratios
no attribute interference_corrections
no attribute production_name
no attribute j
Reference Isotope=Ar40
Reference Detector=H2
%%%%%%%%%%%%%%%%%%%% Comment:  %%%%%%%%%%%%%%%%%%%
adding isotope Ar40 H2
add baseline dbdet= Ar40. original det= H2
get baseline data Ar40 H2
Get data baseline <pychron.processing.isotope.Baseline object at 0x12b3b7610> len t=120
baseline Ar40. v=-0.682800250466, e=0.0105566606207
get signal data Ar40 H2
Get data signal Ar40 1.377+/-0.019 len t=400
adding isotope Ar39 H1
add baseline dbdet= Ar39. original det= H1
get baseline data Ar39 H1
Get data baseline <pychron.processing.isotope.Baseline object at 0x12b3b7c50> len t=120
baseline Ar39. v=-0.0461019464129, e=0.0117037664901
get signal data Ar39 H1
Get data signal Ar39 0.064+/-0.024 len t=400
adding isotope Ar38 AX
add baseline dbdet= Ar38. original det= AX
get baseline data Ar38 AX
Get data baseline <pychron.processing.isotope.Baseline object at 0x12b3b7210> len t=120
baseline Ar38. v=-0.137733734498, e=0.0109483603277
get signal data Ar38 AX
Get data signal Ar38 0.018+/-0.012 len t=400
adding isotope Ar37 L1
add baseline dbdet= Ar37. original det= L1
get baseline data Ar37 L1
Get data baseline <pychron.processing.isotope.Baseline object at 0x12b3b7110> len t=120
baseline Ar37. v=-0.321527082828, e=0.010452713903
get signal data Ar37 L1
Get data signal Ar37 -0.027+/-0.012 len t=400
adding isotope Ar36 L2(CDD)
add baseline dbdet= Ar36. original det= L2(CDD)
get baseline data Ar36 L2(CDD)
Get data baseline <pychron.processing.isotope.Baseline object at 0x12b3b7e10> len t=120
baseline Ar36. v=0.0, e=0.0
get signal data Ar36 L2(CDD)
Get data signal Ar36 0.00899+/-0.00029 len t=400
bc-02-F-493 added analysis time 0.501894950867s
analysis added to mass spec database
mass spec save time= 0.514
persistence save - dvc
================= post measurement started
create new session 4717423984
close session 4717423984
---------------- Experiment Queue saving disabled
DVC saving peakcenter
Smart pull ahead: 0 behind: 0
Up-to-date with origin
add to repo msg=modified - 44c6f8761147de90179e8a3952e48831c78a9a46.json
add to repo msg=modified - -F-493.json
add to repo msg=modified - -F-493.dat.json
add to repo msg=modified - -F-493.blan.json
add to repo msg=modified - -F-493.inte.json
add to repo msg=modified - -F-493.icfa.json
add to repo msg=modified - -F-493.base.json
not at valid file /Users/obama/PychronDev/data/.dvc/repositories/Felix_cocktail161/bc-02/tags/-F-493.tags.json
add to repo msg=modified - -F-493.peak.json
add to repo msg=modified - -F-493.extr.json
not at valid file /Users/obama/PychronDev/data/.dvc/repositories/Felix_cocktail161/bc-02/monitor/-F-493.moni.json
commit message=<COLLECTION>
add to repo msg=modified - -F-493.inte.json
add to repo msg=modified - -F-493.base.json
commit message=<ISOEVO> default collection fits
add to repo msg=modified - -F-493.blan.json
commit message=<BLANKS> preceding ba-01-F-760
add to repo msg=modified - -F-493.icfa.json
commit message=<ICFactor> default
push repository <pychron.git_archive.repo_manager.GitRepoManager object at 0x14032d950>
pushing to remote=origin, url=https://github.com
no changes to meta repo
create new session 4717423984
add association Felix_cocktail161
get identifier "bc-02-F"
setting analysis irradiation position=<pychron.dvc.dvc_orm.IrradiationPositionTbl object at 0x13fadccd0>
close session 4717423984
================= post measurement finished
01:10:25 -- ******* Post Run Check *******
loading queue conditionals post_run_actions
loading system conditionals post_run_actions
loading conditionals from /Users/obama/PychronDev/setupfiles/spectrometer/default_conditionals.yaml
loading queue conditionals post_run_terminations
loading system conditionals post_run_terminations
loading conditionals from /Users/obama/PychronDev/setupfiles/spectrometer/default_conditionals.yaml
Checking default post run terminations n=1
GetDeflection L2 (CDD) ===>> 0
testing L2_CDD_==3250
evaluate ot="L2(CDD).deflection==3250" t="L2_CDD_==3250", ctx="{'L2_CDD_': 0.0}"
01:10:25 -- ******* Post Run Check Passed *******
01:10:25 -- Automated run bc-02-F-493 success duration: 763.280 s
----------------- finish -----------------
----------------- stop -----------------
retroactive repository identifiers disabled
finish run. runs completed=40
update duration runid=bc-02-F-493, duration=763.279793978, md5=1a0b9007
loading script "felix_analysis400_120.py"
loading script "felix_pump_ms.py"
loading script "felix_cocktail_x3.py"
loading script "felix_pump_extraction_line.py"
testing...
no interpolation path defined
executed snippet estimated_duration=624.242112, duration=0.000354051589966
script duration name:analysis400_120 seconds:624.0
loading script "felix_analysis400_120.py"
loading script "felix_pump_ms.py"
loading script "felix_cocktail_x3.py"
loading script "felix_pump_extraction_line.py"
testing...
no interpolation path defined
executed snippet estimated_duration=0, duration=5.29289245605e-05
loading script "felix_analysis400_120.py"
loading script "felix_pump_ms.py"
loading script "felix_cocktail_x3.py"
loading script "felix_pump_extraction_line.py"
testing...
no interpolation path defined
calculate duration
testing...
no interpolation path defined
executed snippet estimated_duration=0, duration=8.48770141602e-05
calculate duration
testing...
no interpolation path defined
executed snippet estimated_duration=0, duration=0.000212907791138
calculate duration
testing...
no interpolation path defined
executed snippet estimated_duration=32.0, duration=0.000572919845581
calculate duration
testing...
no interpolation path defined
executed snippet estimated_duration=34.0, duration=0.0002121925354
calculate duration
testing...
no interpolation path defined
executed snippet estimated_duration=2.0, duration=0.000117063522339
calculate duration
testing...
no interpolation path defined
executed snippet estimated_duration=34.0, duration=0.000149965286255
calculate duration
testing...
no interpolation path defined
executed snippet estimated_duration=34.0, duration=0.000209093093872
calculate duration
testing...
no interpolation path defined
executed snippet estimated_duration=34.0, duration=0.000115871429443
calculate duration
testing...
no interpolation path defined
executed snippet estimated_duration=34.0, duration=0.000179052352905
calculate duration
testing...
no interpolation path defined
executed snippet estimated_duration=34.0, duration=0.000149011611938
executed snippet estimated_duration=244.0, duration=0.0477979183197
script duration name:cocktail_x3 seconds:244.0
loading script "felix_analysis400_120.py"
loading script "felix_pump_ms.py"
loading script "felix_cocktail_x3.py"
loading script "felix_pump_extraction_line.py"
testing...
no interpolation path defined
calculate duration
testing...
no interpolation path defined
executed snippet estimated_duration=4.0, duration=0.000273942947388
executed snippet estimated_duration=4.0, duration=0.00672197341919
Script duration 868.0
Run total estimated duration= 869.000
analysis400_120 in script context. using previous estimated duration
script duration name:analysis400_120 seconds:624.0
pump_ms in script context. using previous estimated duration
cocktail_x3 in script context. using previous estimated duration
script duration name:cocktail_x3 seconds:244.0
pump_extraction_line in script context. using previous estimated duration
Script duration 868.0
Run total estimated duration= 869.000
script duration name:analysis400_120 seconds:624.0
script duration name:cocktail_x3 seconds:244.0
Script duration 868.0
Run total estimated duration= 869.000
script duration name:analysis400_120 seconds:624.0
loading script "felix_analysis400_120.py"
loading script "felix_pump_ms.py"
loading script "felix_air_x2.py"
loading script "felix_pump_extraction_line.py"
testing...
no interpolation path defined
calculate duration
testing...
no interpolation path defined
executed snippet estimated_duration=0, duration=8.98838043213e-05
calculate duration
testing...
no interpolation path defined
executed snippet estimated_duration=0, duration=0.000203847885132
calculate duration
testing...
no interpolation path defined
executed snippet estimated_duration=32.0, duration=0.000154972076416
calculate duration
testing...
no interpolation path defined
executed snippet estimated_duration=34.0, duration=0.000182151794434
calculate duration
testing...
no interpolation path defined
executed snippet estimated_duration=2.0, duration=0.000133037567139
calculate duration
testing...
no interpolation path defined
executed snippet estimated_duration=34.0, duration=0.000130891799927
calculate duration
testing...
no interpolation path defined
executed snippet estimated_duration=34.0, duration=0.00019907951355
calculate duration
testing...
no interpolation path defined
executed snippet estimated_duration=34.0, duration=0.000156879425049
executed snippet estimated_duration=174.0, duration=0.0378181934357
script duration name:air_x2 seconds:174.0
Script duration 798.0
Run total estimated duration= 799.000
script duration name:analysis400_120 seconds:624.0
air_x2 in script context. using previous estimated duration
script duration name:air_x2 seconds:174.0
Script duration 798.0
Run total estimated duration= 799.000
script duration name:analysis400_120 seconds:624.0
script duration name:air_x2 seconds:174.0
Script duration 798.0
Run total estimated duration= 799.000
script duration name:analysis400_120 seconds:624.0
script duration name:air_x2 seconds:174.0
Script duration 798.0
Run total estimated duration= 799.000
script duration name:analysis400_120 seconds:624.0
script duration name:air_x2 seconds:174.0
Script duration 798.0
Run total estimated duration= 799.000
script duration name:analysis400_120 seconds:624.0
script duration name:air_x2 seconds:174.0
Script duration 798.0
Run total estimated duration= 799.000
script duration name:analysis400_120 seconds:624.0
script duration name:air_x2 seconds:174.0
Script duration 798.0
Run total estimated duration= 799.000
script duration name:analysis400_120 seconds:624.0
script duration name:air_x2 seconds:174.0
Script duration 798.0
Run total estimated duration= 799.000
script duration name:analysis400_120 seconds:624.0
script duration name:cocktail_x3 seconds:244.0
Script duration 868.0
Run total estimated duration= 869.000
script duration name:analysis400_120 seconds:624.0
script duration name:cocktail_x3 seconds:244.0
Script duration 868.0
Run total estimated duration= 869.000
script duration name:analysis400_120 seconds:624.0
script duration name:cocktail_x3 seconds:244.0
Script duration 868.0
Run total estimated duration= 869.000
script duration name:analysis400_120 seconds:624.0
script duration name:cocktail_x3 seconds:244.0
Script duration 868.0
Run total estimated duration= 869.000
script duration name:analysis400_120 seconds:624.0
script duration name:air_x2 seconds:174.0
Script duration 798.0
Run total estimated duration= 799.000
script duration name:analysis400_120 seconds:624.0
script duration name:air_x2 seconds:174.0
Script duration 798.0
Run total estimated duration= 799.000
script duration name:analysis400_120 seconds:624.0
script duration name:air_x2 seconds:174.0
Script duration 798.0
Run total estimated duration= 799.000
script duration name:analysis400_120 seconds:624.0
script duration name:air_x2 seconds:174.0
Script duration 798.0
Run total estimated duration= 799.000
script duration name:analysis400_120 seconds:624.0
script duration name:air_x2 seconds:174.0
Script duration 798.0
Run total estimated duration= 799.000
script duration name:analysis400_120 seconds:624.0
script duration name:air_x2 seconds:174.0
Script duration 798.0
Run total estimated duration= 799.000
script duration name:analysis400_120 seconds:624.0
script duration name:cocktail_x3 seconds:244.0
Script duration 868.0
Run total estimated duration= 869.000
script duration name:analysis400_120 seconds:624.0
script duration name:cocktail_x3 seconds:244.0
Script duration 868.0
Run total estimated duration= 869.000
script duration name:analysis400_120 seconds:624.0
script duration name:cocktail_x3 seconds:244.0
Script duration 868.0
Run total estimated duration= 869.000
script duration name:analysis400_120 seconds:624.0
script duration name:cocktail_x3 seconds:244.0
Script duration 868.0
Run total estimated duration= 869.000
script duration name:analysis400_120 seconds:624.0
script duration name:air_x2 seconds:174.0
Script duration 798.0
Run total estimated duration= 799.000
script duration name:analysis400_120 seconds:624.0
script duration name:air_x2 seconds:174.0
Script duration 798.0
Run total estimated duration= 799.000
script duration name:analysis400_120 seconds:624.0
script duration name:air_x2 seconds:174.0
Script duration 798.0
Run total estimated duration= 799.000
script duration name:analysis400_120 seconds:624.0
script duration name:air_x2 seconds:174.0
Script duration 798.0
Run total estimated duration= 799.000
script duration name:analysis400_120 seconds:624.0
script duration name:air_x2 seconds:174.0
Script duration 798.0
Run total estimated duration= 799.000
script duration name:analysis400_120 seconds:624.0
script duration name:air_x2 seconds:174.0
Script duration 798.0
Run total estimated duration= 799.000
script duration name:analysis400_120 seconds:624.0
script duration name:cocktail_x3 seconds:244.0
Script duration 868.0
Run total estimated duration= 869.000
script duration name:analysis400_120 seconds:624.0
script duration name:cocktail_x3 seconds:244.0
Script duration 868.0
Run total estimated duration= 869.000
script duration name:analysis400_120 seconds:624.0
script duration name:cocktail_x3 seconds:244.0
Script duration 868.0
Run total estimated duration= 869.000
script duration name:analysis400_120 seconds:624.0
script duration name:cocktail_x3 seconds:244.0
Script duration 868.0
Run total estimated duration= 869.000
script duration name:analysis400_120 seconds:624.0
script duration name:air_x2 seconds:174.0
Script duration 798.0
Run total estimated duration= 799.000
script duration name:analysis400_120 seconds:624.0
script duration name:air_x2 seconds:174.0
Script duration 798.0
Run total estimated duration= 799.000
script duration name:analysis400_120 seconds:624.0
script duration name:air_x2 seconds:174.0
Script duration 798.0
Run total estimated duration= 799.000
script duration name:analysis400_120 seconds:624.0
script duration name:air_x2 seconds:174.0
Script duration 798.0
Run total estimated duration= 799.000
script duration name:analysis400_120 seconds:624.0
script duration name:air_x2 seconds:174.0
Script duration 798.0
Run total estimated duration= 799.000
script duration name:analysis400_120 seconds:624.0
script duration name:air_x2 seconds:174.0
Script duration 798.0
Run total estimated duration= 799.000
script duration name:analysis400_120 seconds:624.0
script duration name:cocktail_x3 seconds:244.0
Script duration 868.0
Run total estimated duration= 869.000
script duration name:analysis400_120 seconds:624.0
script duration name:cocktail_x3 seconds:244.0
Script duration 868.0
Run total estimated duration= 869.000
script duration name:analysis400_120 seconds:624.0
script duration name:cocktail_x3 seconds:244.0
Script duration 868.0
Run total estimated duration= 869.000
script duration name:analysis400_120 seconds:624.0
script duration name:cocktail_x3 seconds:244.0
Script duration 868.0
Run total estimated duration= 869.000
script duration name:analysis400_120 seconds:624.0
script duration name:air_x2 seconds:174.0
Script duration 798.0
Run total estimated duration= 799.000
script duration name:analysis400_120 seconds:624.0
script duration name:air_x2 seconds:174.0
Script duration 798.0
Run total estimated duration= 799.000
script duration name:analysis400_120 seconds:624.0
script duration name:air_x2 seconds:174.0
Script duration 798.0
Run total estimated duration= 799.000
script duration name:analysis400_120 seconds:624.0
script duration name:air_x2 seconds:174.0
Script duration 798.0
Run total estimated duration= 799.000
script duration name:analysis400_120 seconds:624.0
script duration name:air_x2 seconds:174.0
Script duration 798.0
Run total estimated duration= 799.000
script duration name:analysis400_120 seconds:624.0
script duration name:air_x2 seconds:174.0
Script duration 798.0
Run total estimated duration= 799.000
nruns=51 before=5.0, run_dur=42079.0, btw=1500.0
write rem/ex queues
/Users/obama/PychronDev/experiments/rem/Airs_Cocktails.rem.txt
/Users/obama/PychronDev/experiments/rem/Airs_Cocktails.ex.txt
doing event level: 3
