do run
loading script "felix_analysis400_120.py"
loading script "felix_pump_ms.py"
loading script "felix_cocktail_x3.py"
loading script "felix_pump_extraction_line.py"
testing...
no interpolation path defined
executed snippet estimated_duration=624.242112, duration=0.000365972518921
script duration name:analysis400_120 seconds:624.0
loading script "felix_analysis400_120.py"
loading script "felix_pump_ms.py"
loading script "felix_cocktail_x3.py"
loading script "felix_pump_extraction_line.py"
testing...
no interpolation path defined
executed snippet estimated_duration=0, duration=4.6968460083e-05
loading script "felix_analysis400_120.py"
loading script "felix_pump_ms.py"
loading script "felix_cocktail_x3.py"
loading script "felix_pump_extraction_line.py"
testing...
no interpolation path defined
calculate duration
testing...
no interpolation path defined
executed snippet estimated_duration=0, duration=6.91413879395e-05
calculate duration
testing...
no interpolation path defined
executed snippet estimated_duration=0, duration=0.000164985656738
calculate duration
testing...
no interpolation path defined
executed snippet estimated_duration=32.0, duration=0.000135898590088
calculate duration
testing...
no interpolation path defined
executed snippet estimated_duration=34.0, duration=0.000161170959473
calculate duration
testing...
no interpolation path defined
executed snippet estimated_duration=2.0, duration=0.000117063522339
calculate duration
testing...
no interpolation path defined
executed snippet estimated_duration=34.0, duration=0.000118017196655
calculate duration
testing...
no interpolation path defined
executed snippet estimated_duration=34.0, duration=0.000172138214111
calculate duration
testing...
no interpolation path defined
executed snippet estimated_duration=34.0, duration=0.000109910964966
calculate duration
testing...
no interpolation path defined
executed snippet estimated_duration=34.0, duration=0.000150918960571
calculate duration
testing...
no interpolation path defined
executed snippet estimated_duration=34.0, duration=9.60826873779e-05
executed snippet estimated_duration=244.0, duration=0.0151610374451
script duration name:cocktail_x3 seconds:244.0
loading script "felix_analysis400_120.py"
loading script "felix_pump_ms.py"
loading script "felix_cocktail_x3.py"
loading script "felix_pump_extraction_line.py"
testing...
no interpolation path defined
calculate duration
testing...
no interpolation path defined
executed snippet estimated_duration=4.0, duration=0.00023889541626
executed snippet estimated_duration=4.0, duration=0.00177597999573
Script duration 868.0
Run total estimated duration= 869.000
run duration: 0:14:29
doing event level: 2
21:31:59 -- Setting default integration. t=1.048576
setting integration time = 1.048576
SetIntegrationTime 1.048576 ===>> OK
----------------- start -----------------
**************** Experiment Type: Ar/Ar, Ar/Ar
create new session 4746729040
close session 4746729040
$$$$$ Clearing conditionals
adding conditionals 
Add queue conditionals
add default conditionals
adding default conditionals from /Users/obama/PychronDev/setupfiles/spectrometer/default_conditionals.yaml
Start automated run c-02-F-1102
loading script "felix_analysis400_120.py"
loading script "felix_pump_ms.py"
loading script "felix_cocktail_x3.py"
loading script "felix_pump_extraction_line.py"
%%%%%%%%%%%%%%%%%% setting automated run c-02-F-1102
No value "sensitivity_multiplier" in metadata
$$$$$$$$$$$$$$$ auto_save_detector_ic=False
============================= Pre Extraction Check =============================
loading queue conditionals pre_run_terminations
loading system conditionals pre_run_terminations
loading conditionals from /Users/obama/PychronDev/setupfiles/spectrometer/default_conditionals.yaml
21:31:59 -- ******* Pre Extraction Check *******
Get a measurement from the spectrometer
Pre Extraction Termination data. keys=L2(CDD),H2,H1,AX,L1,L2, signals=0.00016,-0.73210,-0.18290,0.20474,-0.21169,-0.28212
21:31:59 -- testing system defined conditionals
Checking default pre extraction terminations n=2
testing L2_CDD_
evaluate ot="L2(CDD).inactive" t="L2_CDD_", ctx="{'L2_CDD_': False}"
GetDeflection L2 (CDD) ===>> 0
testing L2_CDD_==3250
evaluate ot="L2(CDD).deflection==3250" t="L2_CDD_==3250", ctx="{'L2_CDD_': 0.0}"
21:31:59 -- ******* Pre Extraction Check Passed *******
=================================================================================
21:31:59 -- stopping status monitor
stop 4719993968
Status monitor stopped
Status monitor finished
21:32:04 -- starting status monitor
start 4719993968
StatusMonitor period=3. Frequencies(state=1, checksum=3, lock=5, owner=5)
start extraction
do extraction
Analysis started at 21:32:08.640925
Extraction Started felix_cocktail_x3.py
21:32:08 -- ******* Extraction Started felix_cocktail_x3.py *******
state changed from not run to extraction
DO EXTRACTION <pychron.extraction_line.pyscript_runner.RemotePyScriptRunner object at 0x11c1405f0>
testing...
no interpolation path defined
calculate duration
testing...
no interpolation path defined
executed snippet estimated_duration=0, duration=8.20159912109e-05
calculate duration
testing...
no interpolation path defined
executed snippet estimated_duration=0, duration=0.000197887420654
calculate duration
testing...
no interpolation path defined
executed snippet estimated_duration=32.0, duration=0.000134944915771
calculate duration
testing...
no interpolation path defined
executed snippet estimated_duration=34.0, duration=0.000142097473145
calculate duration
testing...
no interpolation path defined
executed snippet estimated_duration=2.0, duration=9.98973846436e-05
calculate duration
testing...
no interpolation path defined
executed snippet estimated_duration=34.0, duration=0.000109910964966
calculate duration
testing...
no interpolation path defined
executed snippet estimated_duration=34.0, duration=0.0001540184021
calculate duration
testing...
no interpolation path defined
executed snippet estimated_duration=34.0, duration=0.000109910964966
calculate duration
testing...
no interpolation path defined
executed snippet estimated_duration=34.0, duration=0.000151872634888
calculate duration
testing...
no interpolation path defined
executed snippet estimated_duration=34.0, duration=0.000118017196655
executed snippet estimated_duration=244.0, duration=0.0161700248718
Cocktail Pipette x1
doing GOSUB
testing...
no interpolation path defined
executed snippet estimated_duration=0, duration=8.29696655273e-05
Waiting for minibone access
wait ('JanMiniboneFlag', 0) {}
waiting for JanMiniboneFlag = 0
Read JanMiniboneFlag ===>> 0
finished waiting
Minibone released
wait ('MinibonePumpTimeFlag', 0) {}
waiting for MinibonePumpTimeFlag = 0
Read MinibonePumpTimeFlag ===>> 0
finished waiting
acquire ('FelixMiniboneFlag',) {'clear': True}
acquire FelixMiniboneFlag
Set FelixMiniboneFlag 1 ===>> OK
FelixMiniboneFlag acquired
set extraction state False (0.75, 'red', 1.5)
minibone acquired
executed snippet estimated_duration=0, duration=0.0208458900452
WaitForMiniboneAccess.py completed successfully
gosub finished
doing GOSUB
testing...
no interpolation path defined
executed snippet estimated_duration=0, duration=0.000205993652344
Prepare for Air Shot
close () {'description': 'Felix Inlet'}
close name=--- desc=Felix Inlet
checking ownership. requestor=129.138.12.137
check software interlocks H
interlocks []
actuate state mode=None-script, software_lock=False
doing actuation None-script close_channel False
Close H ===>> OK
GetIndicatorState H ===>> False
change switch state (True, True)
update switch state H False args=() kw={} ncanvase=4
21:32:08 -- CLOSE  VALVE-H (Felix Inlet)
-------------------------- close None (Felix Inlet) result=[(True, True)]
action=close, ok=True, locked=[False]
open () {'description': 'Felix Ion Pump'}
open name=--- desc=Felix Ion Pump
checking ownership. requestor=129.138.12.137
check software interlocks V
interlocks []
actuate state mode=None-script, software_lock=False
doing actuation None-script open_channel False
Open V ===>> OK
GetIndicatorState V ===>> OK
change switch state (True, True)
update switch state V True args=() kw={} ncanvase=4
21:32:09 -- OPEN   VALVE-V (Felix Ion Pump)
-------------------------- open None (Felix Ion Pump) result=[(True, True)]
action=open, ok=True, locked=[False]
close () {'description': 'Microbone to Minibone'}
close name=--- desc=Microbone to Minibone
checking ownership. requestor=129.138.12.137
check software interlocks L
interlocks []
actuate state mode=None-script, software_lock=False
doing actuation None-script close_channel False
Close L ===>> OK
GetIndicatorState L ===>> False
change switch state (True, True)
update switch state L False args=() kw={} ncanvase=4
21:32:10 -- CLOSE  VALVE-L (Microbone to Minibone)
-------------------------- close None (Microbone to Minibone) result=[(True, True)]
action=close, ok=True, locked=[False]
close () {'description': 'Quad Inlet'}
close name=--- desc=Quad Inlet
checking ownership. requestor=129.138.12.137
check software interlocks Q
interlocks []
actuate state mode=None-script, software_lock=False
doing actuation None-script close_channel True
Close Q ===>> OK
GetIndicatorState Q ===>> False
change switch state (True, True)
update switch state Q False args=() kw={} ncanvase=4
21:32:10 -- CLOSE  VALVE-Q (Quad Inlet)
-------------------------- close None (Quad Inlet) result=[(True, True)]
action=close, ok=True, locked=[False]
open () {'description': 'Bone to Turbo'}
open name=--- desc=Bone to Turbo
checking ownership. requestor=129.138.12.137
check software interlocks C
interlocks []
actuate state mode=None-script, software_lock=False
doing actuation None-script open_channel False
Open C ===>> OK
GetIndicatorState C ===>> OK
change switch state (True, True)
update switch state C True args=() kw={} ncanvase=4
21:32:10 -- OPEN   VALVE-C (Bone to Turbo)
-------------------------- open None (Bone to Turbo) result=[(True, True)]
action=open, ok=True, locked=[False]
open () {'description': 'Bone to Minibone'}
open name=--- desc=Bone to Minibone
checking ownership. requestor=129.138.12.137
check software interlocks E
interlocks []
actuate state mode=None-script, software_lock=False
doing actuation None-script open_channel False
Open E ===>> OK
GetIndicatorState E ===>> OK
change switch state (True, True)
update switch state E True args=() kw={} ncanvase=4
21:32:11 -- OPEN   VALVE-E (Bone to Minibone)
-------------------------- open None (Bone to Minibone) result=[(True, True)]
action=open, ok=True, locked=[False]
open () {'description': 'Minibone to Bone'}
open name=--- desc=Minibone to Bone
checking ownership. requestor=129.138.12.137
check software interlocks I
interlocks []
actuate state mode=None-script, software_lock=False
doing actuation None-script open_channel True
Open I ===>> OK
GetIndicatorState I ===>> OK
change switch state (True, True)
update switch state I True args=() kw={} ncanvase=4
21:32:12 -- OPEN   VALVE-I (Minibone to Bone)
-------------------------- open None (Minibone to Bone) result=[(True, True)]
action=open, ok=True, locked=[False]
open () {'description': 'Bone to Getter GP-50'}
open name=--- desc=Bone to Getter GP-50
checking ownership. requestor=129.138.12.137
check software interlocks N
interlocks []
actuate state mode=None-script, software_lock=False
doing actuation None-script open_channel False
Open N ===>> OK
GetIndicatorState N ===>> OK
change switch state (True, True)
update switch state N True args=() kw={} ncanvase=4
21:32:12 -- OPEN   VALVE-N (Bone to Getter GP-50)
-------------------------- open None (Bone to Getter GP-50) result=[(True, True)]
action=open, ok=True, locked=[False]
close () {'description': 'Bone to CO2 Laser'}
close name=--- desc=Bone to CO2 Laser
checking ownership. requestor=129.138.12.137
check software interlocks D
interlocks []
actuate state mode=None-script, software_lock=False
doing actuation None-script close_channel True
Close D ===>> OK
GetIndicatorState D ===>> False
change switch state (True, True)
update switch state D False args=() kw={} ncanvase=4
21:32:13 -- CLOSE  VALVE-D (Bone to CO2 Laser)
-------------------------- close None (Bone to CO2 Laser) result=[(True, True)]
action=close, ok=True, locked=[False]
close () {'description': 'Bone to Diode Laser'}
close name=--- desc=Bone to Diode Laser
checking ownership. requestor=129.138.12.137
check software interlocks B
interlocks []
actuate state mode=None-script, software_lock=False
doing actuation None-script close_channel True
Close B ===>> OK
GetIndicatorState B ===>> False
change switch state (True, True)
update switch state B False args=() kw={} ncanvase=4
21:32:13 -- CLOSE  VALVE-B (Bone to Diode Laser)
-------------------------- close None (Bone to Diode Laser) result=[(True, True)]
action=close, ok=True, locked=[False]
executed snippet estimated_duration=0, duration=5.07833194733
PrepareForAirShot.py completed successfully
gosub finished
doing GOSUB
testing...
no interpolation path defined
executed snippet estimated_duration=32.0, duration=0.000164985656738
Evacuate Pipette 1
open () {'description': 'Minibone to Turbo'}
open name=--- desc=Minibone to Turbo
checking ownership. requestor=129.138.12.137
check software interlocks P
interlocks []
actuate state mode=None-script, software_lock=False
doing actuation None-script open_channel False
Open P ===>> OK
GetIndicatorState P ===>> OK
change switch state (True, True)
update switch state P True args=() kw={} ncanvase=4
21:32:13 -- OPEN   VALVE-P (Minibone to Turbo)
-------------------------- open None (Minibone to Turbo) result=[(True, True)]
action=open, ok=True, locked=[False]
close () {'description': 'Inner Pipette 1'}
close name=--- desc=Inner Pipette 1
checking ownership. requestor=129.138.12.137
check software interlocks X
interlocks ['W']
actuate state mode=None-script, software_lock=False
doing actuation None-script close_channel False
Close X ===>> OK
GetIndicatorState X ===>> False
change switch state (True, True)
update switch state X False args=() kw={} ncanvase=4
21:32:14 -- CLOSE  VALVE-X (Inner Pipette 1)
-------------------------- close None (Inner Pipette 1) result=[(True, True)]
action=close, ok=True, locked=[False]
sleep (1,) {}
SLEEP 1.0
open () {'description': 'Outer Pipette 1'}
open name=--- desc=Outer Pipette 1
checking ownership. requestor=129.138.12.137
check software interlocks W
interlocks ['X']
actuate state mode=None-script, software_lock=False
doing actuation None-script open_channel True
Open W ===>> OK
GetIndicatorState W ===>> OK
change switch state (True, True)
update switch state W True args=() kw={} ncanvase=4
21:32:15 -- OPEN   VALVE-W (Outer Pipette 1)
-------------------------- open None (Outer Pipette 1) result=[(True, True)]
action=open, ok=True, locked=[False]
sleep (15,) {}
SLEEP 15.0
block started
WaitControl setup for 15.0  
Join finished
block finished. duration 15.0408818722
executed snippet estimated_duration=48.0, duration=17.3501451015
EvacPipette1.py completed successfully
gosub finished
doing GOSUB
testing...
no interpolation path defined
executed snippet estimated_duration=34.0, duration=0.000207185745239
Fill Pipette 1
close () {'description': 'Outer Pipette 1'}
close name=--- desc=Outer Pipette 1
checking ownership. requestor=129.138.12.137
check software interlocks W
interlocks ['X']
actuate state mode=None-script, software_lock=False
doing actuation None-script close_channel True
Close W ===>> OK
GetIndicatorState W ===>> False
change switch state (True, True)
update switch state W False args=() kw={} ncanvase=4
21:32:31 -- CLOSE  VALVE-W (Outer Pipette 1)
-------------------------- close None (Outer Pipette 1) result=[(True, True)]
action=close, ok=True, locked=[False]
sleep (1,) {}
SLEEP 1.0
filling cocktail pipette
open () {'description': 'Inner Pipette 1'}
open name=--- desc=Inner Pipette 1
checking ownership. requestor=129.138.12.137
check software interlocks X
interlocks ['W']
actuate state mode=None-script, software_lock=False
doing actuation None-script open_channel True
Open X ===>> OK
GetIndicatorState X ===>> OK
change switch state (True, True)
update switch state X True args=() kw={} ncanvase=4
21:32:32 -- OPEN   VALVE-X (Inner Pipette 1)
-------------------------- open None (Inner Pipette 1) result=[(True, True)]
action=open, ok=True, locked=[False]
sleep (15,) {}
SLEEP 15.0
block started
WaitControl setup for 15.0  
Join finished
block finished. duration 15.0869760513
close () {'description': 'Inner Pipette 1'}
close name=--- desc=Inner Pipette 1
checking ownership. requestor=129.138.12.137
check software interlocks X
interlocks ['W']
actuate state mode=None-script, software_lock=False
doing actuation None-script close_channel True
Close X ===>> OK
GetIndicatorState X ===>> False
change switch state (True, True)
update switch state X False args=() kw={} ncanvase=4
21:32:48 -- CLOSE  VALVE-X (Inner Pipette 1)
-------------------------- close None (Inner Pipette 1) result=[(True, True)]
action=close, ok=True, locked=[False]
sleep (1,) {}
SLEEP 1.0
executed snippet estimated_duration=51.0, duration=18.3592088223
FillPipette1.py completed successfully
gosub finished
doing GOSUB
testing...
no interpolation path defined
executed snippet estimated_duration=2.0, duration=0.000130891799927
Prepare for air expansion
close () {'description': 'Bone to Turbo'}
close name=--- desc=Bone to Turbo
checking ownership. requestor=129.138.12.137
check software interlocks C
interlocks []
actuate state mode=None-script, software_lock=False
doing actuation None-script close_channel True
Close C ===>> OK
GetIndicatorState C ===>> False
change switch state (True, True)
update switch state C False args=() kw={} ncanvase=4
21:32:49 -- CLOSE  VALVE-C (Bone to Turbo)
-------------------------- close None (Bone to Turbo) result=[(True, True)]
action=close, ok=True, locked=[False]
sleep (1,) {}
SLEEP 1.0
open () {'description': 'Bone to Minibone'}
open name=--- desc=Bone to Minibone
checking ownership. requestor=129.138.12.137
check software interlocks E
interlocks []
actuate state mode=None-script, software_lock=False
doing actuation None-script open_channel False
Open E ===>> OK
GetIndicatorState E ===>> OK
change switch state (True, True)
update switch state E True args=() kw={} ncanvase=4
21:32:51 -- OPEN   VALVE-E (Bone to Minibone)
-------------------------- open None (Bone to Minibone) result=[(True, True)]
action=open, ok=True, locked=[False]
open () {'description': 'Minibone to Bone'}
open name=--- desc=Minibone to Bone
checking ownership. requestor=129.138.12.137
check software interlocks I
interlocks []
actuate state mode=None-script, software_lock=False
doing actuation None-script open_channel False
Open I ===>> OK
GetIndicatorState I ===>> OK
change switch state (True, True)
update switch state I True args=() kw={} ncanvase=4
21:32:51 -- OPEN   VALVE-I (Minibone to Bone)
-------------------------- open None (Minibone to Bone) result=[(True, True)]
action=open, ok=True, locked=[False]
executed snippet estimated_duration=3.0, duration=2.63047099113
PrepareForAirShotExpansion.py completed successfully
gosub finished
doing GOSUB
testing...
no interpolation path defined
executed snippet estimated_duration=34.0, duration=0.000154972076416
Expand Pipette 1
close () {'description': 'Minibone to Turbo'}
close name=--- desc=Minibone to Turbo
checking ownership. requestor=129.138.12.137
check software interlocks P
interlocks []
actuate state mode=None-script, software_lock=False
doing actuation None-script close_channel True
Close P ===>> OK
GetIndicatorState P ===>> False
change switch state (True, True)
update switch state P False args=() kw={} ncanvase=4
21:32:52 -- CLOSE  VALVE-P (Minibone to Turbo)
-------------------------- close None (Minibone to Turbo) result=[(True, True)]
action=close, ok=True, locked=[False]
sleep (2,) {}
SLEEP 2.0
block started
WaitControl setup for 2.0  
Join finished
block finished. duration 2.01791214943
open () {'description': 'Outer Pipette 1'}
open name=--- desc=Outer Pipette 1
checking ownership. requestor=129.138.12.137
check software interlocks W
interlocks ['X']
actuate state mode=None-script, software_lock=False
doing actuation None-script open_channel True
Open W ===>> OK
GetIndicatorState W ===>> OK
increment shot count 3754
saved current shot count 3754
change switch state (True, True)
update switch state W True args=() kw={} ncanvase=4
21:32:54 -- OPEN   VALVE-W (Outer Pipette 1)
-------------------------- open None (Outer Pipette 1) result=[(True, True)]
action=open, ok=True, locked=[False]
sleep (15,) {}
SLEEP 15.0
block started
WaitControl setup for 15.0  
Join finished
block finished. duration 15.0751888752
executed snippet estimated_duration=51.0, duration=17.9768209457
ExpandPipette1.py completed successfully
gosub finished
close () {'description': 'Outer Pipette 1'}
close name=--- desc=Outer Pipette 1
checking ownership. requestor=129.138.12.137
check software interlocks W
interlocks ['X']
actuate state mode=None-script, software_lock=False
doing actuation None-script close_channel True
Close W ===>> OK
GetIndicatorState W ===>> False
change switch state (True, True)
update switch state W False args=() kw={} ncanvase=4
21:33:10 -- CLOSE  VALVE-W (Outer Pipette 1)
-------------------------- close None (Outer Pipette 1) result=[(True, True)]
action=close, ok=True, locked=[False]
sleep (1,) {}
SLEEP 1.0
Shot 2
doing GOSUB
testing...
no interpolation path defined
executed snippet estimated_duration=34.0, duration=0.000180006027222
Fill Pipette 1
close () {'description': 'Outer Pipette 1'}
close name=--- desc=Outer Pipette 1
checking ownership. requestor=129.138.12.137
check software interlocks W
interlocks ['X']
actuate state mode=None-script, software_lock=False
doing actuation None-script close_channel False
Close W ===>> OK
GetIndicatorState W ===>> False
change switch state (True, True)
update switch state W False args=() kw={} ncanvase=4
21:33:11 -- CLOSE  VALVE-W (Outer Pipette 1)
-------------------------- close None (Outer Pipette 1) result=[(True, True)]
action=close, ok=True, locked=[False]
sleep (1,) {}
SLEEP 1.0
filling cocktail pipette
open () {'description': 'Inner Pipette 1'}
open name=--- desc=Inner Pipette 1
checking ownership. requestor=129.138.12.137
check software interlocks X
interlocks ['W']
actuate state mode=None-script, software_lock=False
doing actuation None-script open_channel True
Open X ===>> OK
GetIndicatorState X ===>> OK
change switch state (True, True)
update switch state X True args=() kw={} ncanvase=4
21:33:13 -- OPEN   VALVE-X (Inner Pipette 1)
-------------------------- open None (Inner Pipette 1) result=[(True, True)]
action=open, ok=True, locked=[False]
sleep (15,) {}
SLEEP 15.0
block started
WaitControl setup for 15.0  
Join finished
block finished. duration 15.0722038746
close () {'description': 'Inner Pipette 1'}
close name=--- desc=Inner Pipette 1
checking ownership. requestor=129.138.12.137
check software interlocks X
interlocks ['W']
actuate state mode=None-script, software_lock=False
doing actuation None-script close_channel True
Close X ===>> OK
GetIndicatorState X ===>> False
change switch state (True, True)
update switch state X False args=() kw={} ncanvase=4
21:33:28 -- CLOSE  VALVE-X (Inner Pipette 1)
-------------------------- close None (Inner Pipette 1) result=[(True, True)]
action=close, ok=True, locked=[False]
sleep (1,) {}
SLEEP 1.0
executed snippet estimated_duration=51.0, duration=18.331401825
FillPipette1.py completed successfully
gosub finished
doing GOSUB
testing...
no interpolation path defined
executed snippet estimated_duration=34.0, duration=0.000137090682983
Expand Pipette 1
close () {'description': 'Minibone to Turbo'}
close name=--- desc=Minibone to Turbo
checking ownership. requestor=129.138.12.137
check software interlocks P
interlocks []
actuate state mode=None-script, software_lock=False
doing actuation None-script close_channel False
Close P ===>> OK
GetIndicatorState P ===>> False
change switch state (True, True)
update switch state P False args=() kw={} ncanvase=4
21:33:30 -- CLOSE  VALVE-P (Minibone to Turbo)
-------------------------- close None (Minibone to Turbo) result=[(True, True)]
action=close, ok=True, locked=[False]
sleep (2,) {}
SLEEP 2.0
block started
WaitControl setup for 2.0  
Join finished
block finished. duration 2.02320790291
open () {'description': 'Outer Pipette 1'}
open name=--- desc=Outer Pipette 1
checking ownership. requestor=129.138.12.137
check software interlocks W
interlocks ['X']
actuate state mode=None-script, software_lock=False
doing actuation None-script open_channel True
Open W ===>> OK
GetIndicatorState W ===>> OK
increment shot count 3755
saved current shot count 3755
change switch state (True, True)
update switch state W True args=() kw={} ncanvase=4
21:33:32 -- OPEN   VALVE-W (Outer Pipette 1)
-------------------------- open None (Outer Pipette 1) result=[(True, True)]
action=open, ok=True, locked=[False]
sleep (15,) {}
SLEEP 15.0
block started
WaitControl setup for 15.0  
Join finished
block finished. duration 15.0759429932
executed snippet estimated_duration=51.0, duration=17.9826049805
ExpandPipette1.py completed successfully
gosub finished
close () {'description': 'Outer Pipette 1'}
close name=--- desc=Outer Pipette 1
checking ownership. requestor=129.138.12.137
check software interlocks W
interlocks ['X']
actuate state mode=None-script, software_lock=False
doing actuation None-script close_channel True
Close W ===>> OK
GetIndicatorState W ===>> False
change switch state (True, True)
update switch state W False args=() kw={} ncanvase=4
21:33:48 -- CLOSE  VALVE-W (Outer Pipette 1)
-------------------------- close None (Outer Pipette 1) result=[(True, True)]
action=close, ok=True, locked=[False]
sleep (1,) {}
SLEEP 1.0
Shot 3
doing GOSUB
testing...
no interpolation path defined
executed snippet estimated_duration=34.0, duration=0.000213861465454
Fill Pipette 1
close () {'description': 'Outer Pipette 1'}
close name=--- desc=Outer Pipette 1
checking ownership. requestor=129.138.12.137
check software interlocks W
interlocks ['X']
actuate state mode=None-script, software_lock=False
doing actuation None-script close_channel False
Close W ===>> OK
GetIndicatorState W ===>> False
change switch state (True, True)
update switch state W False args=() kw={} ncanvase=4
21:33:49 -- CLOSE  VALVE-W (Outer Pipette 1)
-------------------------- close None (Outer Pipette 1) result=[(True, True)]
action=close, ok=True, locked=[False]
sleep (1,) {}
SLEEP 1.0
filling cocktail pipette
open () {'description': 'Inner Pipette 1'}
open name=--- desc=Inner Pipette 1
checking ownership. requestor=129.138.12.137
check software interlocks X
interlocks ['W']
actuate state mode=None-script, software_lock=False
doing actuation None-script open_channel True
Open X ===>> OK
GetIndicatorState X ===>> OK
change switch state (True, True)
update switch state X True args=() kw={} ncanvase=4
21:33:50 -- OPEN   VALVE-X (Inner Pipette 1)
-------------------------- open None (Inner Pipette 1) result=[(True, True)]
action=open, ok=True, locked=[False]
sleep (15,) {}
SLEEP 15.0
block started
WaitControl setup for 15.0  
Join finished
block finished. duration 15.0865550041
close () {'description': 'Inner Pipette 1'}
close name=--- desc=Inner Pipette 1
checking ownership. requestor=129.138.12.137
check software interlocks X
interlocks ['W']
actuate state mode=None-script, software_lock=False
doing actuation None-script close_channel True
Close X ===>> OK
GetIndicatorState X ===>> False
change switch state (True, True)
update switch state X False args=() kw={} ncanvase=4
21:34:06 -- CLOSE  VALVE-X (Inner Pipette 1)
-------------------------- close None (Inner Pipette 1) result=[(True, True)]
action=close, ok=True, locked=[False]
sleep (1,) {}
SLEEP 1.0
executed snippet estimated_duration=51.0, duration=18.3192000389
FillPipette1.py completed successfully
gosub finished
doing GOSUB
testing...
no interpolation path defined
executed snippet estimated_duration=34.0, duration=0.000149965286255
Expand Pipette 1
close () {'description': 'Minibone to Turbo'}
close name=--- desc=Minibone to Turbo
checking ownership. requestor=129.138.12.137
check software interlocks P
interlocks []
actuate state mode=None-script, software_lock=False
doing actuation None-script close_channel False
Close P ===>> OK
GetIndicatorState P ===>> False
change switch state (True, True)
update switch state P False args=() kw={} ncanvase=4
21:34:07 -- CLOSE  VALVE-P (Minibone to Turbo)
-------------------------- close None (Minibone to Turbo) result=[(True, True)]
action=close, ok=True, locked=[False]
sleep (2,) {}
SLEEP 2.0
block started
WaitControl setup for 2.0  
Join finished
block finished. duration 2.02023005486
open () {'description': 'Outer Pipette 1'}
open name=--- desc=Outer Pipette 1
checking ownership. requestor=129.138.12.137
check software interlocks W
interlocks ['X']
actuate state mode=None-script, software_lock=False
doing actuation None-script open_channel True
Open W ===>> OK
GetIndicatorState W ===>> OK
increment shot count 3756
saved current shot count 3756
change switch state (True, True)
update switch state W True args=() kw={} ncanvase=4
21:34:10 -- OPEN   VALVE-W (Outer Pipette 1)
-------------------------- open None (Outer Pipette 1) result=[(True, True)]
action=open, ok=True, locked=[False]
sleep (15,) {}
SLEEP 15.0
block started
WaitControl setup for 15.0  
Join finished
block finished. duration 15.0909340382
executed snippet estimated_duration=51.0, duration=18.0036990643
ExpandPipette1.py completed successfully
gosub finished
close () {'description': 'Outer Pipette 1'}
close name=--- desc=Outer Pipette 1
checking ownership. requestor=129.138.12.137
check software interlocks W
interlocks ['X']
actuate state mode=None-script, software_lock=False
doing actuation None-script close_channel True
Close W ===>> OK
GetIndicatorState W ===>> False
change switch state (True, True)
update switch state W False args=() kw={} ncanvase=4
21:34:25 -- CLOSE  VALVE-W (Outer Pipette 1)
-------------------------- close None (Outer Pipette 1) result=[(True, True)]
action=close, ok=True, locked=[False]
sleep (1,) {}
SLEEP 1.0
executed snippet estimated_duration=247.0, duration=138.437647104
felix_cocktail_x3.py completed successfully
GetAchievedOutput ===>> No Response
Requested Output= 0.000
Achieved Output=  0.000
GetResponseBlob ===>> [153][149][178]N[00][00][00][00][224][17][160]=[00][00][250]D[170])[05]@[00][00][250]Di[141][130]...
GetOutputBlob ===>> [153][149][178]N[00][00][00][00][224][17][160]=[00][00][00][00][170])[05]@[00][00][00][00]i[141][...
persistence save...
persistence save - db
AutomatedRunPersister post_extraction_save deprecated
persistence save - dvc
no extraction position for 
Extraction Finished
21:34:27 -- ******* Extraction Finished *******
no overlap. not waiting for min ms pumptime
21:34:27 -- Sending spectrometer configuration
======== Sending configuration ========
SetZFocus 1.65 ===>> OK
SetHV 9900.0 ===>> OK
SetZSymmetry 3.35 ===>> OK
SetExtractionLens 63.57 ===>> OK
SetIonRepeller -5.15 ===>> OK
SetElectronEnergy 125.02 ===>> OK
SetYSymmetry 38.07 ===>> OK
send trap current 250.0
GetParameter Trap Current Readback ===>> 248.942501373375
SetParameter Trap Current Set,250.0 ===>> OK
updating mftable name argon
Using mftable located at /Users/obama/PychronDev/setupfiles/spectrometer/mftables/argon.csv
============ MFtable ===========
Isotope  H2     H1     AX     L1     L2     L2(CDD)
Ar40     3.7650 3.8402 3.9183 3.9997 4.1079 4.0934
Ar39     3.6906 3.7649 3.8414 3.9242 4.0272 4.0124
Ar36     3.4642 3.5341 3.6059 3.6816 3.7908 3.7664
================================
get initial guess parabolic
get initial guess parabolic
get initial guess parabolic
get initial guess parabolic
get initial guess parabolic
get initial guess parabolic
======== Configuration Finished ========
GetYSymmetry ===>> 38.07
GetZSymmetry ===>> 3.35
GetParameter Trap Current Readback ===>> 248.271195751694
GetHighVoltage ===>> 9900
start measurement
do measurement
L#=c-02-F analysis type=cocktail
Measurement Started felix_analysis400_120.py
21:34:27 -- ******* Measurement Started felix_analysis400_120.py *******
state changed from extraction to measurement
setting trap, emission, spec, defl, and gains
GetExtractionLens ===>> 63.57
GetYSymmetry ===>> 38.07
GetZSymmetry ===>> 3.35
GetZFocus ===>> 1.65
GetDeflection H2 (CDD) ===>> 3250
GetDeflection H1 (CDD) ===>> 3250
GetDeflection AX (CDD) ===>> 3250
GetDeflection L1 (CDD) ===>> 3250
GetDeflection L2 (CDD) ===>> 0
GetGain H2 ===>> 0.9809305
GetGain H1 ===>> 0.97203
GetGain AX ===>> 1.0143
GetGain L1 ===>> 0.970094835296087
GetGain L2 ===>> 0.967359864778375
GetGain H2(CDD) ===>> 0
GetGain H1(CDD) ===>> 0
GetGain AX(CDD) ===>> 0
GetGain L1(CDD) ===>> 0
GetGain L2(CDD) ===>> 0
GetParameter Trap Current Readback ===>> 248.047427211133
GetParameter Source Current Readback ===>> 886.223829579442
pre measurement save
New frame /Users/obama/PychronDev/data/isotopes/80/71a2d1-33ec-4169-8755-b490f9fc3cb5.h5
flush and close file /Users/obama/PychronDev/data/isotopes/80/71a2d1-33ec-4169-8755-b490f9fc3cb5.h5
testing...
no interpolation path defined
executed snippet estimated_duration=655.442112, duration=0.000324010848999
unknown measurement script
activate_detectors ('H2', 'H1', 'AX', 'L1', 'L2(CDD)') {}
activate detectors
*************** Set Analysis View Ar/Ar
create graphs
clearing graphs
clear isotope group
setting isotope det=H2, iso=Ar40
setting isotope det=H1, iso=Ar39
setting isotope det=AX, iso=Ar38
setting isotope det=L1, iso=Ar37
setting isotope det=L2(CDD), iso=Ar36
setting previous blanks
 - setting Ar40 blank 1.874+/-0.019
 - setting Ar36 blank 0.01111+/-0.00030
 - setting Ar37 blank 0.022+/-0.012
 - setting Ar38 blank -0.015+/-0.014
 - setting Ar39 blank 0.005+/-0.024
load analysis view
position_magnet ('Ar40',) {'detector': 'H2'}
detector Detector(H2)
POSITION Ar40 H2
setting detector H2 to Ar40 (39.9624)
setting detector H1 to Ar39 (38.8624)
setting detector AX to Ar38 (37.9624)
setting detector L1 to Ar37 (36.9624)
setting detector L2 to Ar36 (35.8624)
setting detector H2(CDD) to Ar40 (39.8624)
setting detector H1(CDD) to Ar39 (38.8624)
setting detector AX(CDD) to Ar38 (37.8624)
setting detector L1(CDD) to Ar37 (36.8624)
setting detector L2(CDD) to Ar36 (35.9624)
Mapping mass to dac mass func: "parabolic"
H2 map mass coeffs = [ -2.56720193e-04   9.47812314e-02   3.87294975e-01]
H2 map mass to dac 39.9624 >> 3.765
GetHighVoltage ===>> 9900
positioning Ar40 (3.765) on H2
setting magnet DAC
current  : 3.757541
requested: 3.765000
Delta Dac: 0.007459
Checking detector protection. dv=0.00746
SetMagnetDAC 3.765 ===>> OK
Magnet settling time: 0.500 0.500
Magnet settling complete
set_dac. change=True
update labels <pychron.experiment.plot_panel.PlotPanel object at 0x12df824d0>
update labels "<pychron.graph.stacked_regression_graph.StackedRegressionGraph object at 0x123529dd0>"
setting label 0 H2 Ar40
setting label 1 H1 Ar39
setting label 2 AX Ar38
setting label 3 L1 Ar37
setting label 4 L2(CDD) Ar36
update labels "<pychron.graph.stacked_graph.StackedGraph object at 0x118562c50>"
setting label 0 H2 Ar40
setting label 1 H1 Ar39
setting label 2 AX Ar38
equilibrate () {'delay': 3, 'inlet': 'H', 'outlet': 'V', 'eqtime': 30.0}
setting label 3 L1 Ar37
Equilibration Started
setting label 4 L2(CDD) Ar36
21:34:28 -- ******* Equilibration Started *******
checking ownership. requestor=129.138.12.137
check software interlocks V
interlocks []
actuate state mode=None-script, software_lock=False
doing actuation None-script close_channel True
Close V ===>> OK
GetIndicatorState V ===>> False
change switch state (True, True)
update switch state V False args=() kw={} ncanvase=4
21:34:28 -- CLOSE  VALVE-V (Felix Ion Pump)
waiting 3s before opening inlet value ('H',)
checking ownership. requestor=129.138.12.137
check software interlocks H
interlocks []
actuate state mode=None-script, software_lock=False
doing actuation None-script open_channel True
Open H ===>> OK
GetIndicatorState H ===>> OK
change switch state (True, True)
update switch state H True args=() kw={} ncanvase=4
21:34:31 -- OPEN   VALVE-H (Felix Inlet)
set_time_zero () {}
sniff (30.0,) {}
py_sniff
build tables- sniff [Detector(H2), Detector(H1), Detector(AX), Detector(L1), Detector(L2(CDD))]
equilibrating for 30.0sec
add group /sniff/Ar40 (Group) u'' table H2
add group /sniff/Ar39 (Group) u'' table H1
add group /sniff/Ar38 (Group) u'' table AX
add group /sniff/Ar37 (Group) u'' table L1
add group /sniff/Ar36 (Group) u'' table L2(CDD)
flush and close file /Users/obama/PychronDev/data/isotopes/80/71a2d1-33ec-4169-8755-b490f9fc3cb5.h5
measuring sniff. ncounts=30.0
"sniff" increment series count="1" fit count="0" regressing="False"
starting measurement
21:34:57 -- collecting point 25
Equilibration Finished
21:35:01 -- ******* Equilibration Finished *******
checking ownership. requestor=129.138.12.137
check software interlocks H
interlocks []
actuate state mode=None-script, software_lock=False
doing actuation None-script close_channel True
Close H ===>> OK
GetIndicatorState H ===>> False
change switch state (True, True)
update switch state H False args=() kw={} ncanvase=4
21:35:02 -- CLOSE  VALVE-H (Felix Inlet)
Post Equilibration Started felix_pump_extraction_line.py
21:35:02 -- ******* Post Equilibration Started felix_pump_extraction_line.py *******
testing...
no interpolation path defined
calculate duration
testing...
no interpolation path defined
executed snippet estimated_duration=4.0, duration=0.000249862670898
executed snippet estimated_duration=4.0, duration=0.00185585021973
Pump after analysis
doing GOSUB
testing...
no interpolation path defined
executed snippet estimated_duration=4.0, duration=0.000281095504761
Pump Bone
close () {'description': 'Felix Inlet'}
close name=--- desc=Felix Inlet
checking ownership. requestor=129.138.12.137
check software interlocks H
interlocks []
actuate state mode=None-script, software_lock=False
doing actuation None-script close_channel False
Close H ===>> OK
GetIndicatorState H ===>> False
change switch state (True, True)
update switch state H False args=() kw={} ncanvase=4
21:35:02 -- CLOSE  VALVE-H (Felix Inlet)
-------------------------- close None (Felix Inlet) result=[(True, True)]
action=close, ok=True, locked=[False]
is_closed ('A',) {}
is A () closed?
is closed False
close () {'description': 'CO2 Laser to Bone'}
close name=--- desc=CO2 Laser to Bone
checking ownership. requestor=129.138.12.137
check software interlocks F
interlocks []
actuate state mode=None-script, software_lock=True
VALVE-F(CO2 Laser to Bone) software locked
change switch state (True, False)
-------------------------- close None (CO2 Laser to Bone) result=[(True, False)]
action=close, ok=True, locked=[True]
sleep (1,) {}
SLEEP 1.0
close () {'description': 'CO2 Laser to Roughing'}
close name=--- desc=CO2 Laser to Roughing
checking ownership. requestor=129.138.12.137
check software interlocks G
interlocks []
actuate state mode=None-script, software_lock=True
VALVE-G(CO2 Laser to Roughing) software locked
change switch state (True, False)
-------------------------- close None (CO2 Laser to Roughing) result=[(True, False)]
action=close, ok=True, locked=[True]
open () {'description': 'Bone to Turbo'}
open name=--- desc=Bone to Turbo
checking ownership. requestor=129.138.12.137
check software interlocks C
interlocks []
actuate state mode=None-script, software_lock=False
doing actuation None-script open_channel True
Open C ===>> OK
GetIndicatorState C ===>> OK
change switch state (True, True)
update switch state C True args=() kw={} ncanvase=4
21:35:03 -- OPEN   VALVE-C (Bone to Turbo)
-------------------------- open None (Bone to Turbo) result=[(True, True)]
waiting for write to finish
measurement finished
estimated time: 31.457 actual time: :31.656
flush and close file /Users/obama/PychronDev/data/isotopes/80/71a2d1-33ec-4169-8755-b490f9fc3cb5.h5
set_fits () {}
using default fits file=/Users/obama/PychronDev/scripts/measurement/fits/nominal.yaml
set "Ar40" to "('Parabolic', 'SEM')"
set "Ar36" to "('Parabolic', 'SEM')"
set "Ar37" to "('linear', 'SEM')"
set "Ar38" to "('linear', 'SEM')"
set "Ar39" to "('Parabolic', 'SEM')"
set_baseline_fits () {}
using default fits file=/Users/obama/PychronDev/scripts/measurement/fits/nominal.yaml
set "H2" to "('average', 'SEM')"
set "L2(CDD)" to "('average', 'SEM')"
set "L1" to "('average', 'SEM')"
set "AX" to "('average', 'SEM')"
set "H1" to "('average', 'SEM')"
multicollect () {'integration_time': 1.048576, 'ncounts': 400}
build tables- signal [Detector(H2), Detector(H1), Detector(AX), Detector(L1), Detector(L2(CDD))]
add group /signal/Ar40 (Group) u'' table H2
add group /signal/Ar39 (Group) u'' table H1
add group /signal/Ar38 (Group) u'' table AX
add group /signal/Ar37 (Group) u'' table L1
add group /signal/Ar36 (Group) u'' table L2(CDD)
flush and close file /Users/obama/PychronDev/data/isotopes/80/71a2d1-33ec-4169-8755-b490f9fc3cb5.h5
measuring signal. ncounts=400
action=open, ok=True, locked=[False]
open () {'description': 'Bone to Getter GP-50'}
open name=--- desc=Bone to Getter GP-50
checking ownership. requestor=129.138.12.137
check software interlocks N
interlocks []
actuate state mode=None-script, software_lock=False
doing actuation None-script open_channel False
Open N ===>> OK
"signal" increment series count="2" fit count="1" regressing="True"
GetIndicatorState N ===>> OK
change switch state (True, True)
update switch state N True args=() kw={} ncanvase=4
21:35:04 -- OPEN   VALVE-N (Bone to Getter GP-50)
-------------------------- open None (Bone to Getter GP-50) result=[(True, True)]
action=open, ok=True, locked=[False]
open () {'description': 'Bone to Diode Laser'}
open name=--- desc=Bone to Diode Laser
checking ownership. requestor=129.138.12.137
check software interlocks B
interlocks []
actuate state mode=None-script, software_lock=False
doing actuation None-script open_channel True
starting measurement
Open B ===>> OK
GetIndicatorState B ===>> OK
change switch state (True, True)
update switch state B True args=() kw={} ncanvase=4
21:35:04 -- OPEN   VALVE-B (Bone to Diode Laser)
-------------------------- open None (Bone to Diode Laser) result=[(True, True)]
action=open, ok=True, locked=[False]
open () {'description': 'Bone to CO2 Laser'}
open name=--- desc=Bone to CO2 Laser
checking ownership. requestor=129.138.12.137
check software interlocks D
interlocks []
actuate state mode=None-script, software_lock=False
doing actuation None-script open_channel True
Open D ===>> OK
GetIndicatorState D ===>> OK
change switch state (True, True)
update switch state D True args=() kw={} ncanvase=4
21:35:05 -- OPEN   VALVE-D (Bone to CO2 Laser)
-------------------------- open None (Bone to CO2 Laser) result=[(True, True)]
action=open, ok=True, locked=[False]
sleep (1,) {}
SLEEP 1.0
set_resource () {'name': 'CO2PumpTimeFlag', 'value': 30}
Set CO2PumpTimeFlag 30 ===>> OK
release ('FelixCO2Flag',) {}
release FelixCO2Flag
Set FelixCO2Flag 0 ===>> OK
executed snippet estimated_duration=6.0, duration=4.36815500259
PumpBone.py completed successfully
gosub finished
get_resource_value () {'name': 'FelixMiniboneFlag'}
Read FelixMiniboneFlag ===>> 1
Get Resource Value FelixMiniboneFlag=1.0
doing GOSUB
testing...
no interpolation path defined
executed snippet estimated_duration=0, duration=4.19616699219e-05
get_resource_value () {'name': 'FelixMiniboneFlag'}
Read FelixMiniboneFlag ===>> 1
Get Resource Value FelixMiniboneFlag=1.0
Pump minibone
open () {'description': 'Bone to Minibone'}
open name=--- desc=Bone to Minibone
checking ownership. requestor=129.138.12.137
check software interlocks E
interlocks []
actuate state mode=None-script, software_lock=False
doing actuation None-script open_channel False
Open E ===>> OK
GetIndicatorState E ===>> OK
change switch state (True, True)
update switch state E True args=() kw={} ncanvase=4
21:35:06 -- OPEN   VALVE-E (Bone to Minibone)
-------------------------- open None (Bone to Minibone) result=[(True, True)]
action=open, ok=True, locked=[False]
open () {'description': 'Minibone to Turbo'}
open name=--- desc=Minibone to Turbo
checking ownership. requestor=129.138.12.137
check software interlocks P
interlocks []
actuate state mode=None-script, software_lock=False
doing actuation None-script open_channel True
Open P ===>> OK
GetIndicatorState P ===>> OK
change switch state (True, True)
update switch state P True args=() kw={} ncanvase=4
21:35:07 -- OPEN   VALVE-P (Minibone to Turbo)
-------------------------- open None (Minibone to Turbo) result=[(True, True)]
action=open, ok=True, locked=[False]
open () {'description': 'Quad Inlet'}
open name=--- desc=Quad Inlet
checking ownership. requestor=129.138.12.137
check software interlocks Q
interlocks []
actuate state mode=None-script, software_lock=False
doing actuation None-script open_channel True
Open Q ===>> OK
GetIndicatorState Q ===>> OK
change switch state (True, True)
update switch state Q True args=() kw={} ncanvase=4
21:35:07 -- OPEN   VALVE-Q (Quad Inlet)
-------------------------- open None (Quad Inlet) result=[(True, True)]
action=open, ok=True, locked=[False]
close () {'description': 'Minibone to Bone'}
close name=--- desc=Minibone to Bone
checking ownership. requestor=129.138.12.137
check software interlocks I
interlocks []
actuate state mode=None-script, software_lock=False
doing actuation None-script close_channel True
Close I ===>> OK
GetIndicatorState I ===>> False
change switch state (True, True)
update switch state I False args=() kw={} ncanvase=4
21:35:08 -- CLOSE  VALVE-I (Minibone to Bone)
-------------------------- close None (Minibone to Bone) result=[(True, True)]
action=close, ok=True, locked=[False]
set_resource () {'name': 'MinibonePumpTimeFlag', 'value': 30}
Set MinibonePumpTimeFlag 30 ===>> OK
release ('FelixMiniboneFlag',) {}
release FelixMiniboneFlag
Set FelixMiniboneFlag 0 ===>> OK
executed snippet estimated_duration=0, duration=2.22303009033
PumpMinibone.py completed successfully
gosub finished
executed snippet estimated_duration=4.0, duration=6.61001706123
felix_pump_extraction_line.py completed successfully
Post Equilibration Finished
21:35:08 -- ******* Post Equilibration Finished *******
GetDeflection L2 (CDD) ===>> 0
testing L2_CDD_==3250
evaluate ot="L2(CDD).deflection==3250" t="L2_CDD_==3250", ctx="{'L2_CDD_': 0.0}"
GetDeflection L2 (CDD) ===>> 0
testing L2_CDD_==3250
evaluate ot="L2(CDD).deflection==3250" t="L2_CDD_==3250", ctx="{'L2_CDD_': 0.0}"
21:35:29 -- collecting point 25
GetDeflection L2 (CDD) ===>> 0
testing L2_CDD_==3250
evaluate ot="L2(CDD).deflection==3250" t="L2_CDD_==3250", ctx="{'L2_CDD_': 0.0}"
GetDeflection L2 (CDD) ===>> 0
testing L2_CDD_==3250
evaluate ot="L2(CDD).deflection==3250" t="L2_CDD_==3250", ctx="{'L2_CDD_': 0.0}"
21:35:56 -- collecting point 50
GetDeflection L2 (CDD) ===>> 0
testing L2_CDD_==3250
evaluate ot="L2(CDD).deflection==3250" t="L2_CDD_==3250", ctx="{'L2_CDD_': 0.0}"
GetDeflection L2 (CDD) ===>> 0
testing L2_CDD_==3250
evaluate ot="L2(CDD).deflection==3250" t="L2_CDD_==3250", ctx="{'L2_CDD_': 0.0}"
GetDeflection L2 (CDD) ===>> 0
testing L2_CDD_==3250
evaluate ot="L2(CDD).deflection==3250" t="L2_CDD_==3250", ctx="{'L2_CDD_': 0.0}"
21:36:22 -- collecting point 75
GetDeflection L2 (CDD) ===>> 0
testing L2_CDD_==3250
evaluate ot="L2(CDD).deflection==3250" t="L2_CDD_==3250", ctx="{'L2_CDD_': 0.0}"
GetDeflection L2 (CDD) ===>> 0
testing L2_CDD_==3250
evaluate ot="L2(CDD).deflection==3250" t="L2_CDD_==3250", ctx="{'L2_CDD_': 0.0}"
21:36:48 -- collecting point 100
GetDeflection L2 (CDD) ===>> 0
testing L2_CDD_==3250
evaluate ot="L2(CDD).deflection==3250" t="L2_CDD_==3250", ctx="{'L2_CDD_': 0.0}"
GetDeflection L2 (CDD) ===>> 0
testing L2_CDD_==3250
evaluate ot="L2(CDD).deflection==3250" t="L2_CDD_==3250", ctx="{'L2_CDD_': 0.0}"
GetDeflection L2 (CDD) ===>> 0
testing L2_CDD_==3250
evaluate ot="L2(CDD).deflection==3250" t="L2_CDD_==3250", ctx="{'L2_CDD_': 0.0}"
21:37:14 -- collecting point 125
GetDeflection L2 (CDD) ===>> 0
testing L2_CDD_==3250
evaluate ot="L2(CDD).deflection==3250" t="L2_CDD_==3250", ctx="{'L2_CDD_': 0.0}"
GetDeflection L2 (CDD) ===>> 0
testing L2_CDD_==3250
evaluate ot="L2(CDD).deflection==3250" t="L2_CDD_==3250", ctx="{'L2_CDD_': 0.0}"
21:37:41 -- collecting point 150
GetDeflection L2 (CDD) ===>> 0
testing L2_CDD_==3250
evaluate ot="L2(CDD).deflection==3250" t="L2_CDD_==3250", ctx="{'L2_CDD_': 0.0}"
GetDeflection L2 (CDD) ===>> 0
testing L2_CDD_==3250
evaluate ot="L2(CDD).deflection==3250" t="L2_CDD_==3250", ctx="{'L2_CDD_': 0.0}"
GetDeflection L2 (CDD) ===>> 0
testing L2_CDD_==3250
evaluate ot="L2(CDD).deflection==3250" t="L2_CDD_==3250", ctx="{'L2_CDD_': 0.0}"
21:38:07 -- collecting point 175
GetDeflection L2 (CDD) ===>> 0
testing L2_CDD_==3250
evaluate ot="L2(CDD).deflection==3250" t="L2_CDD_==3250", ctx="{'L2_CDD_': 0.0}"
GetDeflection L2 (CDD) ===>> 0
testing L2_CDD_==3250
evaluate ot="L2(CDD).deflection==3250" t="L2_CDD_==3250", ctx="{'L2_CDD_': 0.0}"
21:38:33 -- collecting point 200
GetDeflection L2 (CDD) ===>> 0
testing L2_CDD_==3250
evaluate ot="L2(CDD).deflection==3250" t="L2_CDD_==3250", ctx="{'L2_CDD_': 0.0}"
GetDeflection L2 (CDD) ===>> 0
testing L2_CDD_==3250
evaluate ot="L2(CDD).deflection==3250" t="L2_CDD_==3250", ctx="{'L2_CDD_': 0.0}"
GetDeflection L2 (CDD) ===>> 0
testing L2_CDD_==3250
evaluate ot="L2(CDD).deflection==3250" t="L2_CDD_==3250", ctx="{'L2_CDD_': 0.0}"
21:39:00 -- collecting point 225
GetDeflection L2 (CDD) ===>> 0
testing L2_CDD_==3250
evaluate ot="L2(CDD).deflection==3250" t="L2_CDD_==3250", ctx="{'L2_CDD_': 0.0}"
GetDeflection L2 (CDD) ===>> 0
testing L2_CDD_==3250
evaluate ot="L2(CDD).deflection==3250" t="L2_CDD_==3250", ctx="{'L2_CDD_': 0.0}"
21:39:26 -- collecting point 250
GetDeflection L2 (CDD) ===>> 0
testing L2_CDD_==3250
evaluate ot="L2(CDD).deflection==3250" t="L2_CDD_==3250", ctx="{'L2_CDD_': 0.0}"
GetDeflection L2 (CDD) ===>> 0
testing L2_CDD_==3250
evaluate ot="L2(CDD).deflection==3250" t="L2_CDD_==3250", ctx="{'L2_CDD_': 0.0}"
GetDeflection L2 (CDD) ===>> 0
testing L2_CDD_==3250
evaluate ot="L2(CDD).deflection==3250" t="L2_CDD_==3250", ctx="{'L2_CDD_': 0.0}"
21:39:52 -- collecting point 275
GetDeflection L2 (CDD) ===>> 0
testing L2_CDD_==3250
evaluate ot="L2(CDD).deflection==3250" t="L2_CDD_==3250", ctx="{'L2_CDD_': 0.0}"
GetDeflection L2 (CDD) ===>> 0
testing L2_CDD_==3250
evaluate ot="L2(CDD).deflection==3250" t="L2_CDD_==3250", ctx="{'L2_CDD_': 0.0}"
21:40:19 -- collecting point 300
GetDeflection L2 (CDD) ===>> 0
testing L2_CDD_==3250
evaluate ot="L2(CDD).deflection==3250" t="L2_CDD_==3250", ctx="{'L2_CDD_': 0.0}"
GetDeflection L2 (CDD) ===>> 0
testing L2_CDD_==3250
evaluate ot="L2(CDD).deflection==3250" t="L2_CDD_==3250", ctx="{'L2_CDD_': 0.0}"
GetDeflection L2 (CDD) ===>> 0
testing L2_CDD_==3250
evaluate ot="L2(CDD).deflection==3250" t="L2_CDD_==3250", ctx="{'L2_CDD_': 0.0}"
21:40:45 -- collecting point 325
GetDeflection L2 (CDD) ===>> 0
testing L2_CDD_==3250
evaluate ot="L2(CDD).deflection==3250" t="L2_CDD_==3250", ctx="{'L2_CDD_': 0.0}"
GetDeflection L2 (CDD) ===>> 0
testing L2_CDD_==3250
evaluate ot="L2(CDD).deflection==3250" t="L2_CDD_==3250", ctx="{'L2_CDD_': 0.0}"
21:41:11 -- collecting point 350
GetDeflection L2 (CDD) ===>> 0
testing L2_CDD_==3250
evaluate ot="L2(CDD).deflection==3250" t="L2_CDD_==3250", ctx="{'L2_CDD_': 0.0}"
GetDeflection L2 (CDD) ===>> 0
testing L2_CDD_==3250
evaluate ot="L2(CDD).deflection==3250" t="L2_CDD_==3250", ctx="{'L2_CDD_': 0.0}"
GetDeflection L2 (CDD) ===>> 0
testing L2_CDD_==3250
evaluate ot="L2(CDD).deflection==3250" t="L2_CDD_==3250", ctx="{'L2_CDD_': 0.0}"
21:41:38 -- collecting point 375
GetDeflection L2 (CDD) ===>> 0
testing L2_CDD_==3250
evaluate ot="L2(CDD).deflection==3250" t="L2_CDD_==3250", ctx="{'L2_CDD_': 0.0}"
GetDeflection L2 (CDD) ===>> 0
testing L2_CDD_==3250
evaluate ot="L2(CDD).deflection==3250" t="L2_CDD_==3250", ctx="{'L2_CDD_': 0.0}"
21:42:04 -- collecting point 400
waiting for write to finish
measurement finished
estimated time: 419.430 actual time: :420.986
flush and close file /Users/obama/PychronDev/data/isotopes/80/71a2d1-33ec-4169-8755-b490f9fc3cb5.h5
baselines () {'settling_time': 15.0, 'detector': 'H2', 'mass': 39.862, 'ncounts': 120}
%%%%%%%%%%%%%%%%%%%%%%%%%%%%%%%% Baseline
build tables- baseline [Detector(H2), Detector(H1), Detector(AX), Detector(L1), Detector(L2(CDD))]
add group baseline table H2
add group baseline table H1
add group baseline table AX
add group baseline table L1
add group baseline table L2(CDD)
flush and close file /Users/obama/PychronDev/data/isotopes/80/71a2d1-33ec-4169-8755-b490f9fc3cb5.h5
detector Detector(H2)
POSITION 39.862 H2
Mapping mass to dac mass func: "parabolic"
H2 map mass coeffs = [ -2.56720193e-04   9.47812314e-02   3.87294975e-01]
H2 map mass to dac 39.862 >> 3.75754141492
GetHighVoltage ===>> 9900
positioning 39.862 (3.75754141492) on H2
setting magnet DAC
current  : 3.765000
requested: 3.757541
Delta Dac: 0.007459
Checking detector protection. dv=0.00746
SetMagnetDAC 3.75754141492 ===>> OK
Magnet settling time: 0.500 0.500
Magnet settling complete
set_dac. change=True
Delaying 15.0s for detectors to settle
Join finished
measuring baseline. ncounts=120
"baseline" increment series count="2" fit count="1" regressing="True"
starting measurement
GetDeflection L2 (CDD) ===>> 0
testing L2_CDD_==3250
evaluate ot="L2(CDD).deflection==3250" t="L2_CDD_==3250", ctx="{'L2_CDD_': 0.0}"
GetDeflection L2 (CDD) ===>> 0
testing L2_CDD_==3250
evaluate ot="L2(CDD).deflection==3250" t="L2_CDD_==3250", ctx="{'L2_CDD_': 0.0}"
21:42:46 -- collecting point 25
GetDeflection L2 (CDD) ===>> 0
testing L2_CDD_==3250
evaluate ot="L2(CDD).deflection==3250" t="L2_CDD_==3250", ctx="{'L2_CDD_': 0.0}"
GetDeflection L2 (CDD) ===>> 0
testing L2_CDD_==3250
evaluate ot="L2(CDD).deflection==3250" t="L2_CDD_==3250", ctx="{'L2_CDD_': 0.0}"
21:43:13 -- collecting point 50
GetDeflection L2 (CDD) ===>> 0
testing L2_CDD_==3250
evaluate ot="L2(CDD).deflection==3250" t="L2_CDD_==3250", ctx="{'L2_CDD_': 0.0}"
invalid checksum "". error=invalid literal for int() with base 10: ''
State checksums do not match. Local:630580026 Remote:None
State checksum failed
GetDeflection L2 (CDD) ===>> 0
testing L2_CDD_==3250
evaluate ot="L2(CDD).deflection==3250" t="L2_CDD_==3250", ctx="{'L2_CDD_': 0.0}"
GetDeflection L2 (CDD) ===>> 0
testing L2_CDD_==3250
evaluate ot="L2(CDD).deflection==3250" t="L2_CDD_==3250", ctx="{'L2_CDD_': 0.0}"
21:43:39 -- collecting point 75
GetDeflection L2 (CDD) ===>> 0
testing L2_CDD_==3250
evaluate ot="L2(CDD).deflection==3250" t="L2_CDD_==3250", ctx="{'L2_CDD_': 0.0}"
GetDeflection L2 (CDD) ===>> 0
testing L2_CDD_==3250
evaluate ot="L2(CDD).deflection==3250" t="L2_CDD_==3250", ctx="{'L2_CDD_': 0.0}"
21:44:05 -- collecting point 100
GetDeflection L2 (CDD) ===>> 0
testing L2_CDD_==3250
evaluate ot="L2(CDD).deflection==3250" t="L2_CDD_==3250", ctx="{'L2_CDD_': 0.0}"
GetDeflection L2 (CDD) ===>> 0
testing L2_CDD_==3250
evaluate ot="L2(CDD).deflection==3250" t="L2_CDD_==3250", ctx="{'L2_CDD_': 0.0}"
waiting for write to finish
measurement finished
estimated time: 125.829 actual time: :126.166
flush and close file /Users/obama/PychronDev/data/isotopes/80/71a2d1-33ec-4169-8755-b490f9fc3cb5.h5
activate_detectors ('H1', 'L2(CDD)') {'peak_center': True}
peak_center () {'detector': 'H2', 'integration_time': 1.048576, 'isotope': 'Ar40'}
peak center: mean=859.383147586 threshold=100.0
peak center started
setup peak center. detector=['H2', 'H1', 'L2(CDD)'], isotope=Ar40
VersionedUnpickler [<apptools.sweet_pickle.versioned_unpickler.VersionedUnpickler object at 0x12783d530>] using Updater [<apptools.sweet_pickle.updater.Updater object at 0x1209ec710>]
VersionedUnpickler [<apptools.sweet_pickle.versioned_unpickler.VersionedUnpickler object at 0x12783d530>] using Updater [<apptools.sweet_pickle.updater.Updater object at 0x1209ec710>]
VersionedUnpickler [<apptools.sweet_pickle.versioned_unpickler.VersionedUnpickler object at 0x13bebc230>] using Updater [<apptools.sweet_pickle.updater.Updater object at 0x1209ec710>]
setting integration time = 0.524288
SetIntegrationTime 0.524288 ===>> OK
Mapping mass to dac mass func: "parabolic"
H2 map mass coeffs = [ -2.56720193e-04   9.47812314e-02   3.87294975e-01]
H2 map mass to dac 39.9624 >> 3.765
GetHighVoltage ===>> 9900
do peak center. <pychron.spectrometer.jobs.peak_center.PeakCenter object at 0x1209ec7d0>
doing pc
starting peak center. center dac= 3.765 step_width=0.0001
width = 0.0001
get scan parameters. half-width=0.002,window=0.002, i=0, scalar=1
Scan parameters center=3.76500 width=0.00400 (3.76300 - 3.76700)
Moving to starting dac 3.763
setting magnet DAC
current  : 3.757541
requested: 3.763000
Delta Dac: 0.005459
Checking detector protection. dv=0.00546
SetMagnetDAC 3.763 ===>> OK
Magnet settling time: 0.500 0.500
Magnet settling complete
set_dac. change=True
Wait until signal near baseline. tol= -0.374602112517. timeout= 10
Peak center baseline intensity achieved
_do_sweep sm= 3.763, em= 3.767, stm= 0.0001
calculated step values: start=3.763, end=3.767, width=0.0001, nsteps=41.0
setting magnet DAC
current  : 3.763000
requested: 3.763000
Delta Dac: 0.000000
Checking detector protection. dv=0.00000
set_dac. change=False
setting magnet DAC
current  : 3.763000
requested: 3.763103
Delta Dac: 0.000103
Checking detector protection. dv=0.00010
Magnet settling time: 1.049 0.500
Magnet settling complete
set_dac. change=True
setting magnet DAC
current  : 3.763103
requested: 3.763205
Delta Dac: 0.000103
Checking detector protection. dv=0.00010
Magnet settling time: 1.049 0.500
Magnet settling complete
set_dac. change=True
setting magnet DAC
current  : 3.763205
requested: 3.763308
Delta Dac: 0.000103
Checking detector protection. dv=0.00010
Magnet settling time: 1.049 0.500
Magnet settling complete
set_dac. change=True
setting magnet DAC
current  : 3.763308
requested: 3.763410
Delta Dac: 0.000103
Checking detector protection. dv=0.00010
Magnet settling time: 1.049 0.500
Magnet settling complete
set_dac. change=True
setting magnet DAC
current  : 3.763410
requested: 3.763513
Delta Dac: 0.000103
Checking detector protection. dv=0.00010
Magnet settling time: 1.049 0.500
Magnet settling complete
set_dac. change=True
setting magnet DAC
current  : 3.763513
requested: 3.763615
Delta Dac: 0.000103
Checking detector protection. dv=0.00010
Magnet settling time: 1.049 0.500
Magnet settling complete
set_dac. change=True
setting magnet DAC
current  : 3.763615
requested: 3.763718
Delta Dac: 0.000103
Checking detector protection. dv=0.00010
Magnet settling time: 1.049 0.500
Magnet settling complete
set_dac. change=True
setting magnet DAC
current  : 3.763718
requested: 3.763821
Delta Dac: 0.000103
Checking detector protection. dv=0.00010
Magnet settling time: 1.049 0.500
Magnet settling complete
set_dac. change=True
setting magnet DAC
current  : 3.763821
requested: 3.763923
Delta Dac: 0.000103
Checking detector protection. dv=0.00010
Magnet settling time: 1.049 0.500
Magnet settling complete
set_dac. change=True
setting magnet DAC
current  : 3.763923
requested: 3.764026
Delta Dac: 0.000103
Checking detector protection. dv=0.00010
Magnet settling time: 1.049 0.500
Magnet settling complete
set_dac. change=True
setting magnet DAC
current  : 3.764026
requested: 3.764128
Delta Dac: 0.000103
Checking detector protection. dv=0.00010
Magnet settling time: 1.049 0.500
Magnet settling complete
set_dac. change=True
setting magnet DAC
current  : 3.764128
requested: 3.764231
Delta Dac: 0.000103
Checking detector protection. dv=0.00010
Magnet settling time: 1.049 0.500
Magnet settling complete
set_dac. change=True
setting magnet DAC
current  : 3.764231
requested: 3.764333
Delta Dac: 0.000103
Checking detector protection. dv=0.00010
Magnet settling time: 1.049 0.500
Magnet settling complete
set_dac. change=True
setting magnet DAC
current  : 3.764333
requested: 3.764436
Delta Dac: 0.000103
Checking detector protection. dv=0.00010
Magnet settling time: 1.049 0.500
Magnet settling complete
set_dac. change=True
setting magnet DAC
current  : 3.764436
requested: 3.764538
Delta Dac: 0.000103
Checking detector protection. dv=0.00010
Magnet settling time: 1.049 0.500
Magnet settling complete
set_dac. change=True
setting magnet DAC
current  : 3.764538
requested: 3.764641
Delta Dac: 0.000103
Checking detector protection. dv=0.00010
Magnet settling time: 1.049 0.500
Magnet settling complete
set_dac. change=True
setting magnet DAC
current  : 3.764641
requested: 3.764744
Delta Dac: 0.000103
Checking detector protection. dv=0.00010
Magnet settling time: 1.049 0.500
Magnet settling complete
set_dac. change=True
setting magnet DAC
current  : 3.764744
requested: 3.764846
Delta Dac: 0.000103
Checking detector protection. dv=0.00010
Magnet settling time: 1.049 0.500
Magnet settling complete
set_dac. change=True
setting magnet DAC
current  : 3.764846
requested: 3.764949
Delta Dac: 0.000103
Checking detector protection. dv=0.00010
Magnet settling time: 1.049 0.500
Magnet settling complete
set_dac. change=True
setting magnet DAC
current  : 3.764949
requested: 3.765051
Delta Dac: 0.000103
Checking detector protection. dv=0.00010
Magnet settling time: 1.049 0.500
Magnet settling complete
set_dac. change=True
setting magnet DAC
current  : 3.765051
requested: 3.765154
Delta Dac: 0.000103
Checking detector protection. dv=0.00010
Magnet settling time: 1.049 0.500
Magnet settling complete
set_dac. change=True
setting magnet DAC
current  : 3.765154
requested: 3.765256
Delta Dac: 0.000103
Checking detector protection. dv=0.00010
Magnet settling time: 1.049 0.500
Magnet settling complete
set_dac. change=True
setting magnet DAC
current  : 3.765256
requested: 3.765359
Delta Dac: 0.000103
Checking detector protection. dv=0.00010
Magnet settling time: 1.049 0.500
Magnet settling complete
set_dac. change=True
setting magnet DAC
current  : 3.765359
requested: 3.765462
Delta Dac: 0.000103
Checking detector protection. dv=0.00010
Magnet settling time: 1.049 0.500
Magnet settling complete
set_dac. change=True
setting magnet DAC
current  : 3.765462
requested: 3.765564
Delta Dac: 0.000103
Checking detector protection. dv=0.00010
Magnet settling time: 1.049 0.500
Magnet settling complete
set_dac. change=True
setting magnet DAC
current  : 3.765564
requested: 3.765667
Delta Dac: 0.000103
Checking detector protection. dv=0.00010
Magnet settling time: 1.049 0.500
Magnet settling complete
set_dac. change=True
setting magnet DAC
current  : 3.765667
requested: 3.765769
Delta Dac: 0.000103
Checking detector protection. dv=0.00010
Magnet settling time: 1.049 0.500
Magnet settling complete
set_dac. change=True
setting magnet DAC
current  : 3.765769
requested: 3.765872
Delta Dac: 0.000103
Checking detector protection. dv=0.00010
Magnet settling time: 1.049 0.500
Magnet settling complete
set_dac. change=True
setting magnet DAC
current  : 3.765872
requested: 3.765974
Delta Dac: 0.000103
Checking detector protection. dv=0.00010
Magnet settling time: 1.049 0.500
Magnet settling complete
set_dac. change=True
setting magnet DAC
current  : 3.765974
requested: 3.766077
Delta Dac: 0.000103
Checking detector protection. dv=0.00010
Magnet settling time: 1.049 0.500
Magnet settling complete
set_dac. change=True
setting magnet DAC
current  : 3.766077
requested: 3.766179
Delta Dac: 0.000103
Checking detector protection. dv=0.00010
Magnet settling time: 1.049 0.500
Magnet settling complete
set_dac. change=True
setting magnet DAC
current  : 3.766179
requested: 3.766282
Delta Dac: 0.000103
Checking detector protection. dv=0.00010
Magnet settling time: 1.049 0.500
Magnet settling complete
set_dac. change=True
setting magnet DAC
current  : 3.766282
requested: 3.766385
Delta Dac: 0.000103
Checking detector protection. dv=0.00010
Magnet settling time: 1.049 0.500
Magnet settling complete
set_dac. change=True
setting magnet DAC
current  : 3.766385
requested: 3.766487
Delta Dac: 0.000103
Checking detector protection. dv=0.00010
Magnet settling time: 1.049 0.500
Magnet settling complete
set_dac. change=True
setting magnet DAC
current  : 3.766487
requested: 3.766590
Delta Dac: 0.000103
Checking detector protection. dv=0.00010
Magnet settling time: 1.049 0.500
Magnet settling complete
set_dac. change=True
setting magnet DAC
current  : 3.766590
requested: 3.766692
Delta Dac: 0.000103
Checking detector protection. dv=0.00010
Magnet settling time: 1.049 0.500
Magnet settling complete
set_dac. change=True
setting magnet DAC
current  : 3.766692
requested: 3.766795
Delta Dac: 0.000103
Checking detector protection. dv=0.00010
Magnet settling time: 1.049 0.500
Magnet settling complete
set_dac. change=True
setting magnet DAC
current  : 3.766795
requested: 3.766897
Delta Dac: 0.000103
Checking detector protection. dv=0.00010
Magnet settling time: 1.049 0.500
Magnet settling complete
set_dac. change=True
setting magnet DAC
current  : 3.766897
requested: 3.767000
Delta Dac: 0.000103
Checking detector protection. dv=0.00010
Magnet settling time: 1.049 0.500
Magnet settling complete
set_dac. change=True
result of _do_sweep=True
result of _calculate_peak_center=([3.7638296593186373, 3.765008016032064, 3.7661863727454907], [624.37202695228962, 842.02500613666689, 617.25671764562321], 3.7646913827655313, 842.02500613666689)
Failed to find a valid peak. No peak greater than 1.0. max = 0.0872786959062
new center pos Detector(H2) (Ar40) @ 3.76500801603
GetHighVoltage ===>> 9900
dac uncorrected for HV and deflection 3.76500801603
update mftable H2 Ar40 3.76500801603 message=automated run peakcenter
get initial guess parabolic
get initial guess parabolic
get initial guess parabolic
get initial guess parabolic
get initial guess parabolic
get initial guess parabolic
dump mftable to /Users/obama/PychronDev/setupfiles/spectrometer/mftables/argon.csv
add to repo msg=modified - automated run peakcenter
sweep finished
locally archiving mftable
setting magnet DAC
current  : 3.767000
requested: 3.765008
Delta Dac: 0.001992
Checking detector protection. dv=0.00199
SetMagnetDAC 3.76500801603 ===>> OK
Magnet settling time: 0.500 0.500
Magnet settling complete
set_dac. change=True
setting integration time = 1.048576
SetIntegrationTime 1.048576 ===>> OK
Failed to find a valid peak. No peak greater than 1.0. max = 0.0872786959062
flush and close file /Users/obama/PychronDev/data/isotopes/80/71a2d1-33ec-4169-8755-b490f9fc3cb5.h5
finished measure script
executed snippet estimated_duration=655.442112, duration=646.382416964
felix_analysis400_120.py completed successfully
Measurement Finished
21:45:13 -- ******* Measurement Finished *******
Post Measurement Started felix_pump_ms.py
21:45:13 -- ******* Post Measurement Started felix_pump_ms.py *******
testing...
no interpolation path defined
executed snippet estimated_duration=0, duration=3.79085540771e-05
Pumping spectrometer
open () {'name': 'V'}
open name=V desc=---
checking ownership. requestor=129.138.12.137
check software interlocks V
interlocks []
actuate state mode=None-script, software_lock=False
doing actuation None-script open_channel True
Open V ===>> OK
GetIndicatorState V ===>> OK
change switch state (True, True)
update switch state V True args=() kw={} ncanvase=4
21:45:13 -- OPEN   VALVE-V (Felix Ion Pump)
-------------------------- open V () result=[(True, True)]
action=open, ok=True, locked=[False]
executed snippet estimated_duration=0, duration=0.395879983902
felix_pump_ms.py completed successfully
setting _ms_pumptime
Post Measurement Finished
21:45:14 -- ******* Post Measurement Finished *******
$$$$$$$$$$$$$$$$$$$$ state at run end measurement
state changed from measurement to success
post measurement save measured=True aborted=False
Set filtering
setting fod for Ar40= {'filter_outliers': True, 'std_devs': 2, 'iterations': 2}
setting fod for H2= {'filter_outliers': True, 'std_devs': 2, 'iterations': 1}
setting fod for Ar36= {'filter_outliers': True, 'std_devs': 2, 'iterations': 2}
setting fod for L2(CDD)= {'filter_outliers': True, 'std_devs': 2, 'iterations': 1}
setting fod for Ar37= {'filter_outliers': True, 'std_devs': 2, 'iterations': 2}
setting fod for L1= {'filter_outliers': True, 'std_devs': 2, 'iterations': 1}
setting fod for Ar38= {'filter_outliers': True, 'std_devs': 2, 'iterations': 2}
setting fod for AX= {'filter_outliers': True, 'std_devs': 2, 'iterations': 1}
setting fod for Ar39= {'filter_outliers': True, 'std_devs': 2, 'iterations': 2}
setting fod for H1= {'filter_outliers': True, 'std_devs': 2, 'iterations': 1}
persistence save...
persistence save - db
post measurement save
5111663696 connecting to database sqlite:////Users/obama/PychronDev/.appdata/local_lab.db
connected to db sqlite:////Users/obama/PychronDev/.appdata/local_lab.db
create new session 5111663696
close session 5111663696
No database instance. Not saving post measurement to isotopedb database
$$$$$$$$$$$$$$$ auto_save_detector_ic=False
massspec enabled True
create new session 4791770384
MassSpec Database Version: 16.0
close session 4791770384
saving post measurement to secondary database
saving to massspec database 129.138.12.160/massspecdata
setting labnumber to c-02-F
setting aliquot to 1102
setting step to 
setting uuid to 8071a2d1-33ec-4169-8755-b490f9fc3cb5
setting irradpos to c-02-F
setting extract_device to Fusions Diode
setting tray to 
setting position to 
setting power_requested to 0.0
setting extract_value to 0.0
setting duration to 0.0
setting duration_at_request to 0.0
setting first_stage_delay to 0.0
setting cleanup to 0.0
setting comment to 
setting irradiation to Cocktail-02
setting level to A
setting irradiation_level to A
setting sample to cocktail
setting material to Gas
setting project to REFERENCES
setting mass_spectrometer to Felix
no attribute chron_dosages
no attribute production_ratios
no attribute interference_corrections
no attribute production_name
no attribute j
Reference Isotope=Ar40
Reference Detector=H2
%%%%%%%%%%%%%%%%%%%% Comment:  %%%%%%%%%%%%%%%%%%%
adding isotope Ar40 H2
add baseline dbdet= Ar40. original det= H2
get baseline data Ar40 H2
Get data baseline <pychron.processing.isotope.Baseline object at 0x127887d50> len t=120
baseline Ar40. v=-0.668271566909, e=0.00776551128674
get signal data Ar40 H2
Get data signal Ar40 910.63+/-0.08 len t=400
adding isotope Ar39 H1
add baseline dbdet= Ar39. original det= H1
get baseline data Ar39 H1
Get data baseline <pychron.processing.isotope.Baseline object at 0x1278872d0> len t=120
baseline Ar39. v=-0.0341220360272, e=0.0125525847933
get signal data Ar39 H1
Get data signal Ar39 72.997+/-0.030 len t=400
adding isotope Ar38 AX
add baseline dbdet= Ar38. original det= AX
get baseline data Ar38 AX
Get data baseline <pychron.processing.isotope.Baseline object at 0x127887dd0> len t=120
baseline Ar38. v=-0.1264085585, e=0.0128975005609
get signal data Ar38 AX
Get data signal Ar38 1.028+/-0.013 len t=400
adding isotope Ar37 L1
add baseline dbdet= Ar37. original det= L1
get baseline data Ar37 L1
Get data baseline <pychron.processing.isotope.Baseline object at 0x127887b10> len t=120
baseline Ar37. v=-0.329435298213, e=0.0101562577529
get signal data Ar37 L1
Get data signal Ar37 0.001+/-0.011 len t=400
adding isotope Ar36 L2(CDD)
add baseline dbdet= Ar36. original det= L2(CDD)
get baseline data Ar36 L2(CDD)
Get data baseline <pychron.processing.isotope.Baseline object at 0x127887990> len t=120
baseline Ar36. v=0.0, e=0.0
get signal data Ar36 L2(CDD)
Get data signal Ar36 0.0362+/-0.0005 len t=400
4415-1102 added analysis time 0.560652017593s
analysis added to mass spec database
mass spec save time= 0.584
persistence save - dvc
================= post measurement started
create new session 4717423984
close session 4717423984
---------------- Experiment Queue saving disabled
DVC saving peakcenter
Failed to find a valid peak. No peak greater than 1.0. max = 0.0872786959062
Smart pull ahead: 0 behind: 0
Up-to-date with origin
add to repo msg=modified - 44c6f8761147de90179e8a3952e48831c78a9a46.json
add to repo msg=modified - -F-1102.json
add to repo msg=modified - -F-1102.dat.json
add to repo msg=modified - -F-1102.blan.json
add to repo msg=modified - -F-1102.inte.json
add to repo msg=modified - -F-1102.icfa.json
add to repo msg=modified - -F-1102.base.json
not at valid file /Users/obama/PychronDev/data/.dvc/repositories/Felix_cocktail161/c-02/tags/-F-1102.tags.json
add to repo msg=modified - -F-1102.peak.json
add to repo msg=modified - -F-1102.extr.json
not at valid file /Users/obama/PychronDev/data/.dvc/repositories/Felix_cocktail161/c-02/monitor/-F-1102.moni.json
commit message=<COLLECTION>
add to repo msg=modified - -F-1102.inte.json
add to repo msg=modified - -F-1102.base.json
commit message=<ISOEVO> default collection fits
add to repo msg=modified - -F-1102.blan.json
commit message=<BLANKS> preceding bc-02-F-491
add to repo msg=modified - -F-1102.icfa.json
commit message=<ICFactor> default
push repository <pychron.git_archive.repo_manager.GitRepoManager object at 0x128a73bf0>
pushing to remote=origin, url=https://github.com
no changes to meta repo
create new session 4717423984
add association Felix_cocktail161
get identifier "c-02-F"
setting analysis irradiation position=<pychron.dvc.dvc_orm.IrradiationPositionTbl object at 0x128a89750>
close session 4717423984
================= post measurement finished
21:45:29 -- ******* Post Run Check *******
loading queue conditionals post_run_actions
loading system conditionals post_run_actions
loading conditionals from /Users/obama/PychronDev/setupfiles/spectrometer/default_conditionals.yaml
loading queue conditionals post_run_terminations
loading system conditionals post_run_terminations
loading conditionals from /Users/obama/PychronDev/setupfiles/spectrometer/default_conditionals.yaml
Checking default post run terminations n=1
GetDeflection L2 (CDD) ===>> 0
testing L2_CDD_==3250
evaluate ot="L2(CDD).deflection==3250" t="L2_CDD_==3250", ctx="{'L2_CDD_': 0.0}"
21:45:29 -- ******* Post Run Check Passed *******
21:45:29 -- Automated run c-02-F-1102 success duration: 809.919 s
----------------- finish -----------------
----------------- stop -----------------
retroactive repository identifiers disabled
finish run. runs completed=25
update duration runid=c-02-F-1102, duration=809.918780088, md5=1a0b9007
loading script "felix_analysis400_120.py"
loading script "felix_pump_ms.py"
loading script "felix_cocktail_x3.py"
loading script "felix_pump_extraction_line.py"
testing...
no interpolation path defined
executed snippet estimated_duration=624.242112, duration=0.000391960144043
script duration name:analysis400_120 seconds:624.0
loading script "felix_analysis400_120.py"
loading script "felix_pump_ms.py"
loading script "felix_cocktail_x3.py"
loading script "felix_pump_extraction_line.py"
testing...
no interpolation path defined
executed snippet estimated_duration=0, duration=4.79221343994e-05
loading script "felix_analysis400_120.py"
loading script "felix_pump_ms.py"
loading script "felix_cocktail_x3.py"
loading script "felix_pump_extraction_line.py"
testing...
no interpolation path defined
calculate duration
testing...
no interpolation path defined
executed snippet estimated_duration=0, duration=9.29832458496e-05
calculate duration
testing...
no interpolation path defined
executed snippet estimated_duration=0, duration=0.00019907951355
calculate duration
testing...
no interpolation path defined
executed snippet estimated_duration=32.0, duration=0.000163078308105
calculate duration
testing...
no interpolation path defined
executed snippet estimated_duration=34.0, duration=0.000182867050171
calculate duration
testing...
no interpolation path defined
executed snippet estimated_duration=2.0, duration=0.000134944915771
calculate duration
testing...
no interpolation path defined
executed snippet estimated_duration=34.0, duration=0.000153064727783
calculate duration
testing...
no interpolation path defined
executed snippet estimated_duration=34.0, duration=0.000187158584595
calculate duration
testing...
no interpolation path defined
executed snippet estimated_duration=34.0, duration=0.000154972076416
calculate duration
testing...
no interpolation path defined
executed snippet estimated_duration=34.0, duration=0.000184059143066
calculate duration
testing...
no interpolation path defined
executed snippet estimated_duration=34.0, duration=0.000128984451294
executed snippet estimated_duration=244.0, duration=0.0566129684448
script duration name:cocktail_x3 seconds:244.0
loading script "felix_analysis400_120.py"
loading script "felix_pump_ms.py"
loading script "felix_cocktail_x3.py"
loading script "felix_pump_extraction_line.py"
testing...
no interpolation path defined
calculate duration
testing...
no interpolation path defined
executed snippet estimated_duration=4.0, duration=0.000325918197632
executed snippet estimated_duration=4.0, duration=0.00463795661926
Script duration 868.0
Run total estimated duration= 869.000
analysis400_120 in script context. using previous estimated duration
script duration name:analysis400_120 seconds:624.0
pump_ms in script context. using previous estimated duration
cocktail_x3 in script context. using previous estimated duration
script duration name:cocktail_x3 seconds:244.0
pump_extraction_line in script context. using previous estimated duration
Script duration 868.0
Run total estimated duration= 869.000
script duration name:analysis400_120 seconds:624.0
loading script "felix_analysis400_120.py"
loading script "felix_pump_ms.py"
loading script "felix_air_x2.py"
loading script "felix_pump_extraction_line.py"
testing...
no interpolation path defined
calculate duration
testing...
no interpolation path defined
executed snippet estimated_duration=0, duration=7.82012939453e-05
calculate duration
testing...
no interpolation path defined
executed snippet estimated_duration=0, duration=0.00020694732666
calculate duration
testing...
no interpolation path defined
executed snippet estimated_duration=32.0, duration=0.000172853469849
calculate duration
testing...
no interpolation path defined
executed snippet estimated_duration=34.0, duration=0.000177145004272
calculate duration
testing...
no interpolation path defined
executed snippet estimated_duration=2.0, duration=0.000119924545288
calculate duration
testing...
no interpolation path defined
executed snippet estimated_duration=34.0, duration=0.000152111053467
calculate duration
testing...
no interpolation path defined
executed snippet estimated_duration=34.0, duration=0.000200986862183
calculate duration
testing...
no interpolation path defined
executed snippet estimated_duration=34.0, duration=0.00019097328186
executed snippet estimated_duration=174.0, duration=0.0524041652679
script duration name:air_x2 seconds:174.0
Script duration 798.0
Run total estimated duration= 799.000
script duration name:analysis400_120 seconds:624.0
air_x2 in script context. using previous estimated duration
script duration name:air_x2 seconds:174.0
Script duration 798.0
Run total estimated duration= 799.000
script duration name:analysis400_120 seconds:624.0
script duration name:air_x2 seconds:174.0
Script duration 798.0
Run total estimated duration= 799.000
script duration name:analysis400_120 seconds:624.0
script duration name:air_x2 seconds:174.0
Script duration 798.0
Run total estimated duration= 799.000
script duration name:analysis400_120 seconds:624.0
script duration name:cocktail_x3 seconds:244.0
Script duration 868.0
Run total estimated duration= 869.000
script duration name:analysis400_120 seconds:624.0
script duration name:cocktail_x3 seconds:244.0
Script duration 868.0
Run total estimated duration= 869.000
script duration name:analysis400_120 seconds:624.0
script duration name:cocktail_x3 seconds:244.0
Script duration 868.0
Run total estimated duration= 869.000
script duration name:analysis400_120 seconds:624.0
script duration name:cocktail_x3 seconds:244.0
Script duration 868.0
Run total estimated duration= 869.000
script duration name:analysis400_120 seconds:624.0
script duration name:air_x2 seconds:174.0
Script duration 798.0
Run total estimated duration= 799.000
script duration name:analysis400_120 seconds:624.0
script duration name:air_x2 seconds:174.0
Script duration 798.0
Run total estimated duration= 799.000
script duration name:analysis400_120 seconds:624.0
script duration name:air_x2 seconds:174.0
Script duration 798.0
Run total estimated duration= 799.000
script duration name:analysis400_120 seconds:624.0
script duration name:air_x2 seconds:174.0
Script duration 798.0
Run total estimated duration= 799.000
script duration name:analysis400_120 seconds:624.0
script duration name:cocktail_x3 seconds:244.0
Script duration 868.0
Run total estimated duration= 869.000
script duration name:analysis400_120 seconds:624.0
script duration name:cocktail_x3 seconds:244.0
Script duration 868.0
Run total estimated duration= 869.000
script duration name:analysis400_120 seconds:624.0
script duration name:cocktail_x3 seconds:244.0
Script duration 868.0
Run total estimated duration= 869.000
script duration name:analysis400_120 seconds:624.0
script duration name:cocktail_x3 seconds:244.0
Script duration 868.0
Run total estimated duration= 869.000
script duration name:analysis400_120 seconds:624.0
script duration name:air_x2 seconds:174.0
Script duration 798.0
Run total estimated duration= 799.000
script duration name:analysis400_120 seconds:624.0
script duration name:air_x2 seconds:174.0
Script duration 798.0
Run total estimated duration= 799.000
script duration name:analysis400_120 seconds:624.0
script duration name:air_x2 seconds:174.0
Script duration 798.0
Run total estimated duration= 799.000
script duration name:analysis400_120 seconds:624.0
script duration name:air_x2 seconds:174.0
Script duration 798.0
Run total estimated duration= 799.000
script duration name:analysis400_120 seconds:624.0
script duration name:air_x2 seconds:174.0
Script duration 798.0
Run total estimated duration= 799.000
script duration name:analysis400_120 seconds:624.0
script duration name:air_x2 seconds:174.0
Script duration 798.0
Run total estimated duration= 799.000
script duration name:analysis400_120 seconds:624.0
script duration name:air_x2 seconds:174.0
Script duration 798.0
Run total estimated duration= 799.000
script duration name:analysis400_120 seconds:624.0
script duration name:air_x2 seconds:174.0
Script duration 798.0
Run total estimated duration= 799.000
script duration name:analysis400_120 seconds:624.0
script duration name:cocktail_x3 seconds:244.0
Script duration 868.0
Run total estimated duration= 869.000
script duration name:analysis400_120 seconds:624.0
script duration name:cocktail_x3 seconds:244.0
Script duration 868.0
Run total estimated duration= 869.000
script duration name:analysis400_120 seconds:624.0
script duration name:cocktail_x3 seconds:244.0
Script duration 868.0
Run total estimated duration= 869.000
script duration name:analysis400_120 seconds:624.0
script duration name:cocktail_x3 seconds:244.0
Script duration 868.0
Run total estimated duration= 869.000
script duration name:analysis400_120 seconds:624.0
script duration name:air_x2 seconds:174.0
Script duration 798.0
Run total estimated duration= 799.000
script duration name:analysis400_120 seconds:624.0
script duration name:air_x2 seconds:174.0
Script duration 798.0
Run total estimated duration= 799.000
script duration name:analysis400_120 seconds:624.0
script duration name:air_x2 seconds:174.0
Script duration 798.0
Run total estimated duration= 799.000
script duration name:analysis400_120 seconds:624.0
script duration name:air_x2 seconds:174.0
Script duration 798.0
Run total estimated duration= 799.000
script duration name:analysis400_120 seconds:624.0
script duration name:air_x2 seconds:174.0
Script duration 798.0
Run total estimated duration= 799.000
script duration name:analysis400_120 seconds:624.0
script duration name:air_x2 seconds:174.0
Script duration 798.0
Run total estimated duration= 799.000
script duration name:analysis400_120 seconds:624.0
script duration name:cocktail_x3 seconds:244.0
Script duration 868.0
Run total estimated duration= 869.000
script duration name:analysis400_120 seconds:624.0
script duration name:cocktail_x3 seconds:244.0
Script duration 868.0
Run total estimated duration= 869.000
script duration name:analysis400_120 seconds:624.0
script duration name:cocktail_x3 seconds:244.0
Script duration 868.0
Run total estimated duration= 869.000
script duration name:analysis400_120 seconds:624.0
script duration name:cocktail_x3 seconds:244.0
Script duration 868.0
Run total estimated duration= 869.000
script duration name:analysis400_120 seconds:624.0
script duration name:air_x2 seconds:174.0
Script duration 798.0
Run total estimated duration= 799.000
script duration name:analysis400_120 seconds:624.0
script duration name:air_x2 seconds:174.0
Script duration 798.0
Run total estimated duration= 799.000
script duration name:analysis400_120 seconds:624.0
script duration name:air_x2 seconds:174.0
Script duration 798.0
Run total estimated duration= 799.000
script duration name:analysis400_120 seconds:624.0
script duration name:air_x2 seconds:174.0
Script duration 798.0
Run total estimated duration= 799.000
script duration name:analysis400_120 seconds:624.0
script duration name:air_x2 seconds:174.0
Script duration 798.0
Run total estimated duration= 799.000
script duration name:analysis400_120 seconds:624.0
script duration name:air_x2 seconds:174.0
Script duration 798.0
Run total estimated duration= 799.000
script duration name:analysis400_120 seconds:624.0
script duration name:cocktail_x3 seconds:244.0
Script duration 868.0
Run total estimated duration= 869.000
script duration name:analysis400_120 seconds:624.0
script duration name:cocktail_x3 seconds:244.0
Script duration 868.0
Run total estimated duration= 869.000
script duration name:analysis400_120 seconds:624.0
script duration name:cocktail_x3 seconds:244.0
Script duration 868.0
Run total estimated duration= 869.000
script duration name:analysis400_120 seconds:624.0
script duration name:cocktail_x3 seconds:244.0
Script duration 868.0
Run total estimated duration= 869.000
script duration name:analysis400_120 seconds:624.0
script duration name:air_x2 seconds:174.0
Script duration 798.0
Run total estimated duration= 799.000
script duration name:analysis400_120 seconds:624.0
script duration name:air_x2 seconds:174.0
Script duration 798.0
Run total estimated duration= 799.000
script duration name:analysis400_120 seconds:624.0
script duration name:air_x2 seconds:174.0
Script duration 798.0
Run total estimated duration= 799.000
script duration name:analysis400_120 seconds:624.0
script duration name:air_x2 seconds:174.0
Script duration 798.0
Run total estimated duration= 799.000
script duration name:analysis400_120 seconds:624.0
script duration name:air_x2 seconds:174.0
Script duration 798.0
Run total estimated duration= 799.000
script duration name:analysis400_120 seconds:624.0
script duration name:air_x2 seconds:174.0
Script duration 798.0
Run total estimated duration= 799.000
script duration name:analysis400_120 seconds:624.0
script duration name:cocktail_x3 seconds:244.0
Script duration 868.0
Run total estimated duration= 869.000
script duration name:analysis400_120 seconds:624.0
script duration name:cocktail_x3 seconds:244.0
Script duration 868.0
Run total estimated duration= 869.000
script duration name:analysis400_120 seconds:624.0
script duration name:cocktail_x3 seconds:244.0
Script duration 868.0
Run total estimated duration= 869.000
script duration name:analysis400_120 seconds:624.0
script duration name:cocktail_x3 seconds:244.0
Script duration 868.0
Run total estimated duration= 869.000
script duration name:analysis400_120 seconds:624.0
script duration name:air_x2 seconds:174.0
Script duration 798.0
Run total estimated duration= 799.000
script duration name:analysis400_120 seconds:624.0
script duration name:air_x2 seconds:174.0
Script duration 798.0
Run total estimated duration= 799.000
script duration name:analysis400_120 seconds:624.0
script duration name:air_x2 seconds:174.0
Script duration 798.0
Run total estimated duration= 799.000
script duration name:analysis400_120 seconds:624.0
script duration name:air_x2 seconds:174.0
Script duration 798.0
Run total estimated duration= 799.000
script duration name:analysis400_120 seconds:624.0
script duration name:air_x2 seconds:174.0
Script duration 798.0
Run total estimated duration= 799.000
script duration name:analysis400_120 seconds:624.0
script duration name:air_x2 seconds:174.0
Script duration 798.0
Run total estimated duration= 799.000
nruns=66 before=5.0, run_dur=54554.0, btw=1950.0
write rem/ex queues
/Users/obama/PychronDev/experiments/rem/Airs_Cocktails.rem.txt
/Users/obama/PychronDev/experiments/rem/Airs_Cocktails.ex.txt
doing event level: 3
